<?xml version="1.0" encoding="UTF-8"?>
<coverage generated="1756957156532" clover="3.2.0">
  <project timestamp="1756957156532" name="All files">
    <metrics statements="387" coveredstatements="272" conditionals="177" coveredconditionals="102" methods="88" coveredmethods="74" elements="652" coveredelements="448" complexity="0" loc="387" ncloc="387" packages="3" files="7" classes="7"/>
    <package name="Qdrant_Insertor">
      <metrics statements="6" coveredstatements="3" conditionals="16" coveredconditionals="10" methods="0" coveredmethods="0"/>
      <file name="config.ts" path="E:\code\Fullstack\Node.js\Qdrant_MCP_RAG\Qdrant_Insertor\config.ts">
        <metrics statements="6" coveredstatements="3" conditionals="16" coveredconditionals="10" methods="0" coveredmethods="0"/>
        <line num="4" count="3" type="stmt"/>
        <line num="30" count="3" type="stmt"/>
        <line num="49" count="3" type="cond" truecount="3" falsecount="1"/>
        <line num="50" count="0" type="stmt"/>
        <line num="53" count="0" type="stmt"/>
        <line num="56" count="0" type="stmt"/>
      </file>
    </package>
    <package name="Qdrant_Insertor.src">
      <metrics statements="362" coveredstatements="254" conditionals="146" coveredconditionals="82" methods="81" coveredmethods="68"/>
      <file name="db.ts" path="E:\code\Fullstack\Node.js\Qdrant_MCP_RAG\Qdrant_Insertor\src\db.ts">
        <metrics statements="195" coveredstatements="165" conditionals="77" coveredconditionals="52" methods="50" coveredmethods="50"/>
        <line num="65" count="26" type="stmt"/>
        <line num="129" count="26" type="stmt"/>
        <line num="130" count="26" type="stmt"/>
        <line num="135" count="26" type="stmt"/>
        <line num="142" count="26" type="stmt"/>
        <line num="152" count="26" type="stmt"/>
        <line num="164" count="26" type="stmt"/>
        <line num="167" count="26" type="stmt"/>
        <line num="170" count="26" type="stmt"/>
        <line num="175" count="26" type="stmt"/>
        <line num="191" count="26" type="stmt"/>
        <line num="196" count="26" type="stmt"/>
        <line num="211" count="26" type="stmt"/>
        <line num="214" count="26" type="stmt"/>
        <line num="217" count="26" type="stmt"/>
        <line num="222" count="26" type="stmt"/>
        <line num="232" count="26" type="stmt"/>
        <line num="237" count="28" type="stmt"/>
        <line num="238" count="28" type="stmt"/>
        <line num="239" count="28" type="stmt"/>
        <line num="242" count="28" type="stmt"/>
        <line num="243" count="26" type="cond" truecount="2" falsecount="0"/>
        <line num="245" count="26" type="stmt"/>
        <line num="248" count="2" type="stmt"/>
        <line num="251" count="2" type="stmt"/>
        <line num="252" count="2" type="cond" truecount="1" falsecount="1"/>
        <line num="256" count="1" type="stmt"/>
        <line num="259" count="1" type="stmt"/>
        <line num="260" count="1" type="cond" truecount="1" falsecount="1"/>
        <line num="264" count="3" type="stmt"/>
        <line num="267" count="3" type="stmt"/>
        <line num="268" count="3" type="cond" truecount="2" falsecount="0"/>
        <line num="269" count="2" type="stmt"/>
        <line num="270" count="2" type="stmt"/>
        <line num="272" count="1" type="stmt"/>
        <line num="278" count="1" type="stmt"/>
        <line num="279" count="1" type="cond" truecount="1" falsecount="1"/>
        <line num="280" count="0" type="stmt"/>
        <line num="281" count="0" type="stmt"/>
        <line num="284" count="1" type="stmt"/>
        <line num="286" count="1" type="stmt"/>
        <line num="290" count="1" type="stmt"/>
        <line num="291" count="1" type="stmt"/>
        <line num="295" count="0" type="stmt"/>
        <line num="298" count="0" type="stmt"/>
        <line num="300" count="0" type="stmt"/>
        <line num="305" count="29" type="stmt"/>
        <line num="306" count="29" type="stmt"/>
        <line num="307" count="29" type="stmt"/>
        <line num="308" count="29" type="stmt"/>
        <line num="311" count="29" type="stmt"/>
        <line num="312" count="29" type="stmt"/>
        <line num="321" count="29" type="stmt"/>
        <line num="331" count="4" type="stmt"/>
        <line num="334" count="4" type="stmt"/>
        <line num="335" count="4" type="cond" truecount="1" falsecount="1"/>
        <line num="336" count="4" type="stmt"/>
        <line num="348" count="1" type="stmt"/>
        <line num="351" count="1" type="stmt"/>
        <line num="352" count="2" type="stmt"/>
        <line num="359" count="1" type="stmt"/>
        <line num="362" count="1" type="stmt"/>
        <line num="363" count="1" type="stmt"/>
        <line num="367" count="4" type="stmt"/>
        <line num="370" count="4" type="stmt"/>
        <line num="374" count="4" type="stmt"/>
        <line num="375" count="4" type="stmt"/>
        <line num="376" count="4" type="stmt"/>
        <line num="381" count="4" type="stmt"/>
        <line num="384" count="4" type="stmt"/>
        <line num="385" count="4" type="stmt"/>
        <line num="386" count="4" type="cond" truecount="1" falsecount="1"/>
        <line num="398" count="31" type="stmt"/>
        <line num="399" count="31" type="stmt"/>
        <line num="401" count="31" type="stmt"/>
        <line num="406" count="31" type="cond" truecount="1" falsecount="1"/>
        <line num="408" count="0" type="stmt"/>
        <line num="410" count="31" type="stmt"/>
        <line num="417" count="31" type="stmt"/>
        <line num="418" count="31" type="stmt"/>
        <line num="431" count="31" type="stmt"/>
        <line num="445" count="3" type="stmt"/>
        <line num="448" count="3" type="stmt"/>
        <line num="449" count="3" type="cond" truecount="1" falsecount="1"/>
        <line num="450" count="0" type="stmt"/>
        <line num="451" count="0" type="stmt"/>
        <line num="453" count="3" type="cond" truecount="1" falsecount="1"/>
        <line num="456" count="1" type="stmt"/>
        <line num="461" count="1" type="cond" truecount="1" falsecount="1"/>
        <line num="462" count="0" type="stmt"/>
        <line num="463" count="0" type="stmt"/>
        <line num="465" count="1" type="stmt"/>
        <line num="469" count="1" type="stmt"/>
        <line num="472" count="1" type="stmt"/>
        <line num="474" count="1" type="cond" truecount="1" falsecount="1"/>
        <line num="475" count="0" type="stmt"/>
        <line num="476" count="0" type="stmt"/>
        <line num="478" count="1" type="stmt"/>
        <line num="481" count="2" type="stmt"/>
        <line num="484" count="2" type="cond" truecount="1" falsecount="1"/>
        <line num="485" count="2" type="stmt"/>
        <line num="486" count="1" type="stmt"/>
        <line num="487" count="1" type="stmt"/>
        <line num="490" count="0" type="stmt"/>
        <line num="508" count="12" type="stmt"/>
        <line num="513" count="12" type="stmt"/>
        <line num="518" count="12" type="cond" truecount="2" falsecount="0"/>
        <line num="519" count="12" type="stmt"/>
        <line num="521" count="12" type="cond" truecount="1" falsecount="1"/>
        <line num="522" count="0" type="stmt"/>
        <line num="525" count="12" type="cond" truecount="3" falsecount="1"/>
        <line num="526" count="0" type="stmt"/>
        <line num="529" count="12" type="stmt"/>
        <line num="530" count="17" type="cond" truecount="1" falsecount="1"/>
        <line num="531" count="0" type="stmt"/>
        <line num="535" count="12" type="stmt"/>
        <line num="536" count="17" type="stmt"/>
        <line num="547" count="12" type="stmt"/>
        <line num="548" count="17" type="cond" truecount="2" falsecount="0"/>
        <line num="551" count="12" type="stmt"/>
        <line num="555" count="3" type="stmt"/>
        <line num="558" count="3" type="stmt"/>
        <line num="559" count="3" type="cond" truecount="2" falsecount="0"/>
        <line num="560" count="1" type="stmt"/>
        <line num="561" count="1" type="stmt"/>
        <line num="567" count="1" type="stmt"/>
        <line num="569" count="2" type="stmt"/>
        <line num="574" count="1" type="cond" truecount="1" falsecount="1"/>
        <line num="575" count="0" type="stmt"/>
        <line num="576" count="0" type="stmt"/>
        <line num="579" count="2" type="stmt"/>
        <line num="580" count="1" type="stmt"/>
        <line num="583" count="1" type="stmt"/>
        <line num="585" count="1" type="cond" truecount="1" falsecount="1"/>
        <line num="586" count="0" type="stmt"/>
        <line num="587" count="0" type="stmt"/>
        <line num="590" count="1" type="stmt"/>
        <line num="592" count="2" type="stmt"/>
        <line num="596" count="2" type="stmt"/>
        <line num="602" count="1" type="stmt"/>
        <line num="605" count="1" type="stmt"/>
        <line num="606" count="1" type="cond" truecount="1" falsecount="1"/>
        <line num="607" count="0" type="stmt"/>
        <line num="611" count="0" type="stmt"/>
        <line num="613" count="1" type="stmt"/>
        <line num="616" count="2" type="stmt"/>
        <line num="619" count="2" type="cond" truecount="1" falsecount="1"/>
        <line num="620" count="0" type="stmt"/>
        <line num="621" count="0" type="stmt"/>
        <line num="623" count="2" type="stmt"/>
        <line num="624" count="2" type="stmt"/>
        <line num="626" count="2" type="stmt"/>
        <line num="629" count="2" type="stmt"/>
        <line num="631" count="2" type="stmt"/>
        <line num="632" count="1" type="stmt"/>
        <line num="633" count="1" type="stmt"/>
        <line num="644" count="2" type="cond" truecount="2" falsecount="0"/>
        <line num="647" count="2" type="stmt"/>
        <line num="668" count="2" type="stmt"/>
        <line num="669" count="2" type="stmt"/>
        <line num="671" count="2" type="cond" truecount="1" falsecount="1"/>
        <line num="672" count="0" type="stmt"/>
        <line num="673" count="0" type="stmt"/>
        <line num="676" count="2" type="stmt"/>
        <line num="687" count="2" type="cond" truecount="2" falsecount="0"/>
        <line num="688" count="1" type="stmt"/>
        <line num="691" count="2" type="stmt"/>
        <line num="692" count="1" type="stmt"/>
        <line num="712" count="1" type="stmt"/>
        <line num="713" count="1" type="stmt"/>
        <line num="715" count="2" type="stmt"/>
        <line num="724" count="112" type="stmt"/>
        <line num="728" count="104" type="stmt"/>
        <line num="729" count="104" type="stmt"/>
        <line num="732" count="0" type="stmt"/>
        <line num="733" count="0" type="stmt"/>
        <line num="738" count="4" type="stmt"/>
        <line num="739" count="4" type="stmt"/>
        <line num="746" count="112" type="stmt"/>
        <line num="747" count="108" type="stmt"/>
        <line num="748" count="108" type="stmt"/>
        <line num="749" count="104" type="stmt"/>
        <line num="750" count="104" type="stmt"/>
        <line num="752" count="4" type="stmt"/>
        <line num="753" count="4" type="stmt"/>
        <line num="763" count="1" type="stmt"/>
        <line num="764" count="1" type="stmt"/>
        <line num="765" count="1" type="stmt"/>
        <line num="766" count="1" type="stmt"/>
        <line num="767" count="1" type="stmt"/>
        <line num="776" count="1" type="stmt"/>
        <line num="777" count="1" type="stmt"/>
        <line num="778" count="1" type="stmt"/>
        <line num="780" count="0" type="stmt"/>
        <line num="781" count="0" type="stmt"/>
      </file>
      <file name="embedding.ts" path="E:\code\Fullstack\Node.js\Qdrant_MCP_RAG\Qdrant_Insertor\src\embedding.ts">
        <metrics statements="15" coveredstatements="7" conditionals="4" coveredconditionals="1" methods="2" coveredmethods="2"/>
        <line num="7" count="2" type="stmt"/>
        <line num="16" count="1" type="cond" truecount="1" falsecount="1"/>
        <line num="17" count="1" type="stmt"/>
        <line num="18" count="1" type="stmt"/>
        <line num="20" count="0" type="stmt"/>
        <line num="21" count="0" type="stmt"/>
        <line num="24" count="0" type="stmt"/>
        <line num="26" count="0" type="stmt"/>
        <line num="27" count="0" type="stmt"/>
        <line num="38" count="1" type="stmt"/>
        <line num="39" count="1" type="stmt"/>
        <line num="40" count="0" type="stmt"/>
        <line num="41" count="0" type="cond" truecount="0" falsecount="2"/>
        <line num="42" count="0" type="stmt"/>
        <line num="50" count="1" type="stmt"/>
      </file>
      <file name="qdrant.ts" path="E:\code\Fullstack\Node.js\Qdrant_MCP_RAG\Qdrant_Insertor\src\qdrant.ts">
        <metrics statements="36" coveredstatements="7" conditionals="9" coveredconditionals="5" methods="5" coveredmethods="2"/>
        <line num="10" count="2" type="stmt"/>
        <line num="26" count="0" type="stmt"/>
        <line num="27" count="0" type="stmt"/>
        <line num="28" count="0" type="stmt"/>
        <line num="29" count="0" type="stmt"/>
        <line num="30" count="0" type="stmt"/>
        <line num="33" count="0" type="cond" truecount="0" falsecount="2"/>
        <line num="34" count="0" type="stmt"/>
        <line num="35" count="0" type="stmt"/>
        <line num="41" count="0" type="stmt"/>
        <line num="43" count="0" type="stmt"/>
        <line num="46" count="0" type="stmt"/>
        <line num="47" count="0" type="stmt"/>
        <line num="57" count="1" type="cond" truecount="3" falsecount="1"/>
        <line num="58" count="1" type="stmt"/>
        <line num="59" count="1" type="stmt"/>
        <line num="64" count="0" type="stmt"/>
        <line num="65" count="0" type="stmt"/>
        <line num="67" count="0" type="stmt"/>
        <line num="68" count="0" type="stmt"/>
        <line num="69" count="0" type="stmt"/>
        <line num="79" count="0" type="stmt"/>
        <line num="80" count="0" type="stmt"/>
        <line num="81" count="0" type="stmt"/>
        <line num="85" count="0" type="stmt"/>
        <line num="87" count="0" type="stmt"/>
        <line num="92" count="0" type="stmt"/>
        <line num="103" count="1" type="cond" truecount="1" falsecount="1"/>
        <line num="104" count="1" type="stmt"/>
        <line num="105" count="1" type="stmt"/>
        <line num="108" count="0" type="stmt"/>
        <line num="109" count="0" type="stmt"/>
        <line num="110" count="0" type="stmt"/>
        <line num="115" count="0" type="stmt"/>
        <line num="117" count="0" type="stmt"/>
        <line num="118" count="0" type="stmt"/>
      </file>
      <file name="search.ts" path="E:\code\Fullstack\Node.js\Qdrant_MCP_RAG\Qdrant_Insertor\src\search.ts">
        <metrics statements="54" coveredstatements="25" conditionals="21" coveredconditionals="9" methods="13" coveredmethods="6"/>
        <line num="45" count="4" type="stmt"/>
        <line num="47" count="4" type="stmt"/>
        <line num="48" count="7" type="stmt"/>
        <line num="49" count="6" type="stmt"/>
        <line num="50" count="6" type="stmt"/>
        <line num="52" count="6" type="cond" truecount="2" falsecount="0"/>
        <line num="53" count="5" type="stmt"/>
        <line num="55" count="6" type="stmt"/>
        <line num="59" count="4" type="stmt"/>
        <line num="60" count="3" type="stmt"/>
        <line num="61" count="5" type="stmt"/>
        <line num="73" count="3" type="cond" truecount="2" falsecount="0"/>
        <line num="74" count="2" type="stmt"/>
        <line num="75" count="2" type="stmt"/>
        <line num="76" count="2" type="stmt"/>
        <line num="78" count="1" type="cond" truecount="1" falsecount="1"/>
        <line num="79" count="1" type="stmt"/>
        <line num="80" count="1" type="stmt"/>
        <line num="83" count="0" type="stmt"/>
        <line num="86" count="0" type="stmt"/>
        <line num="91" count="0" type="cond" truecount="0" falsecount="2"/>
        <line num="94" count="0" type="stmt"/>
        <line num="95" count="0" type="stmt"/>
        <line num="96" count="0" type="cond" truecount="0" falsecount="2"/>
        <line num="97" count="0" type="stmt"/>
        <line num="100" count="0" type="stmt"/>
        <line num="101" count="0" type="stmt"/>
        <line num="102" count="0" type="stmt"/>
        <line num="104" count="0" type="stmt"/>
        <line num="105" count="0" type="stmt"/>
        <line num="107" count="0" type="stmt"/>
        <line num="108" count="0" type="stmt"/>
        <line num="122" count="0" type="stmt"/>
        <line num="126" count="0" type="stmt"/>
        <line num="129" count="0" type="cond" truecount="0" falsecount="2"/>
        <line num="130" count="0" type="stmt"/>
        <line num="131" count="0" type="stmt"/>
        <line num="132" count="0" type="stmt"/>
        <line num="133" count="0" type="stmt"/>
        <line num="134" count="0" type="stmt"/>
        <line num="135" count="0" type="cond" truecount="0" falsecount="2"/>
        <line num="136" count="0" type="stmt"/>
        <line num="138" count="0" type="stmt"/>
        <line num="139" count="0" type="stmt"/>
        <line num="140" count="0" type="stmt"/>
        <line num="143" count="0" type="stmt"/>
        <line num="149" count="1" type="stmt"/>
        <line num="150" count="1" type="stmt"/>
        <line num="151" count="1" type="stmt"/>
        <line num="152" count="1" type="stmt"/>
        <line num="154" count="1" type="cond" truecount="1" falsecount="1"/>
        <line num="155" count="1" type="stmt"/>
        <line num="158" count="1" type="stmt"/>
        <line num="159" count="0" type="stmt"/>
      </file>
      <file name="splitter.ts" path="E:\code\Fullstack\Node.js\Qdrant_MCP_RAG\Qdrant_Insertor\src\splitter.ts">
        <metrics statements="62" coveredstatements="50" conditionals="35" coveredconditionals="15" methods="11" coveredmethods="8"/>
        <line num="37" count="2" type="stmt"/>
        <line num="38" count="2" type="stmt"/>
        <line num="39" count="2" type="stmt"/>
        <line num="40" count="2" type="stmt"/>
        <line num="42" count="2" type="stmt"/>
        <line num="43" count="5" type="stmt"/>
        <line num="44" count="5" type="cond" truecount="2" falsecount="0"/>
        <line num="46" count="4" type="stmt"/>
        <line num="47" count="3" type="stmt"/>
        <line num="51" count="2" type="stmt"/>
        <line num="52" count="9" type="stmt"/>
        <line num="53" count="9" type="cond" truecount="2" falsecount="0"/>
        <line num="55" count="3" type="stmt"/>
        <line num="56" count="3" type="stmt"/>
        <line num="58" count="3" type="stmt"/>
        <line num="59" count="3" type="stmt"/>
        <line num="62" count="3" type="cond" truecount="2" falsecount="0"/>
        <line num="63" count="2" type="stmt"/>
        <line num="65" count="3" type="stmt"/>
        <line num="67" count="9" type="stmt"/>
        <line num="71" count="2" type="stmt"/>
        <line num="74" count="2" type="cond" truecount="3" falsecount="1"/>
        <line num="75" count="0" type="stmt"/>
        <line num="78" count="2" type="stmt"/>
        <line num="95" count="3" type="stmt"/>
        <line num="96" count="3" type="stmt"/>
        <line num="98" count="3" type="stmt"/>
        <line num="99" count="3" type="stmt"/>
        <line num="100" count="9" type="stmt"/>
        <line num="101" count="9" type="stmt"/>
        <line num="103" count="9" type="cond" truecount="1" falsecount="1"/>
        <line num="104" count="0" type="stmt"/>
        <line num="106" count="9" type="stmt"/>
        <line num="108" count="9" type="cond" truecount="1" falsecount="1"/>
        <line num="109" count="9" type="stmt"/>
        <line num="112" count="9" type="cond" truecount="2" falsecount="0"/>
        <line num="113" count="2" type="stmt"/>
        <line num="116" count="7" type="stmt"/>
        <line num="121" count="3" type="stmt"/>
        <line num="122" count="7" type="cond" truecount="1" falsecount="1"/>
        <line num="123" count="7" type="stmt"/>
        <line num="124" count="7" type="stmt"/>
        <line num="128" count="3" type="stmt"/>
        <line num="143" count="3" type="stmt"/>
        <line num="147" count="10" type="stmt"/>
        <line num="149" count="3" type="stmt"/>
        <line num="150" count="7" type="stmt"/>
        <line num="155" count="3" type="stmt"/>
        <line num="156" count="5" type="cond" truecount="1" falsecount="1"/>
        <line num="157" count="5" type="stmt"/>
        <line num="158" count="5" type="stmt"/>
        <line num="162" count="3" type="stmt"/>
        <line num="174" count="0" type="cond" truecount="0" falsecount="4"/>
        <line num="175" count="0" type="stmt"/>
        <line num="178" count="0" type="cond" truecount="0" falsecount="3"/>
        <line num="180" count="0" type="cond" truecount="0" falsecount="4"/>
        <line num="182" count="0" type="stmt"/>
        <line num="184" count="0" type="stmt"/>
        <line num="186" count="0" type="stmt"/>
        <line num="188" count="0" type="stmt"/>
        <line num="189" count="0" type="stmt"/>
        <line num="200" count="0" type="stmt"/>
      </file>
    </package>
    <package name="Qdrant_Insertor.utils">
      <metrics statements="19" coveredstatements="15" conditionals="15" coveredconditionals="10" methods="7" coveredmethods="6"/>
      <file name="id.ts" path="E:\code\Fullstack\Node.js\Qdrant_MCP_RAG\Qdrant_Insertor\utils\id.ts">
        <metrics statements="19" coveredstatements="15" conditionals="15" coveredconditionals="10" methods="7" coveredmethods="6"/>
        <line num="6" count="0" type="cond" truecount="0" falsecount="2"/>
        <line num="9" count="0" type="stmt"/>
        <line num="14" count="28" type="stmt"/>
        <line num="19" count="29" type="stmt"/>
        <line num="24" count="31" type="stmt"/>
        <line num="29" count="18" type="cond" truecount="2" falsecount="0"/>
        <line num="30" count="1" type="stmt"/>
        <line num="32" count="17" type="cond" truecount="3" falsecount="1"/>
        <line num="33" count="0" type="stmt"/>
        <line num="35" count="17" type="stmt"/>
        <line num="43" count="1" type="stmt"/>
        <line num="44" count="1" type="cond" truecount="1" falsecount="1"/>
        <line num="45" count="1" type="stmt"/>
        <line num="46" count="1" type="stmt"/>
        <line num="47" count="1" type="stmt"/>
        <line num="48" count="1" type="cond" truecount="4" falsecount="1"/>
        <line num="49" count="0" type="stmt"/>
        <line num="51" count="1" type="stmt"/>
        <line num="56" count="19" type="stmt"/>
      </file>
    </package>
  </project>
</coverage>
