{"E:\\code\\Fullstack\\Node.js\\Qdrant_MCP_RAG\\Qdrant_Insertor\\config.ts": {"path":"E:\\code\\Fullstack\\Node.js\\Qdrant_MCP_RAG\\Qdrant_Insertor\\config.ts","statementMap":{"0":{"start":{"line":4,"column":0},"end":{"line":4,"column":16}},"1":{"start":{"line":30,"column":23},"end":{"line":45,"column":2}},"2":{"start":{"line":49,"column":0},"end":{"line":57,"column":1}},"3":{"start":{"line":50,"column":2},"end":{"line":52,"column":4}},"4":{"start":{"line":53,"column":2},"end":{"line":55,"column":4}},"5":{"start":{"line":56,"column":2},"end":{"line":56,"column":18}}},"fnMap":{},"branchMap":{"0":{"loc":{"start":{"line":34,"column":11},"end":{"line":34,"column":71}},"type":"binary-expr","locations":[{"start":{"line":34,"column":11},"end":{"line":34,"column":43}},{"start":{"line":34,"column":47},"end":{"line":34,"column":71}}]},"1":{"loc":{"start":{"line":37,"column":10},"end":{"line":37,"column":48}},"type":"binary-expr","locations":[{"start":{"line":37,"column":10},"end":{"line":37,"column":33}},{"start":{"line":37,"column":37},"end":{"line":37,"column":48}}]},"2":{"loc":{"start":{"line":38,"column":19},"end":{"line":38,"column":52}},"type":"binary-expr","locations":[{"start":{"line":38,"column":19},"end":{"line":38,"column":42}},{"start":{"line":38,"column":46},"end":{"line":38,"column":52}}]},"3":{"loc":{"start":{"line":39,"column":20},"end":{"line":39,"column":72}},"type":"binary-expr","locations":[{"start":{"line":39,"column":20},"end":{"line":39,"column":54}},{"start":{"line":39,"column":58},"end":{"line":39,"column":72}}]},"4":{"loc":{"start":{"line":40,"column":30},"end":{"line":40,"column":68}},"type":"binary-expr","locations":[{"start":{"line":40,"column":30},"end":{"line":40,"column":58}},{"start":{"line":40,"column":62},"end":{"line":40,"column":68}}]},"5":{"loc":{"start":{"line":43,"column":10},"end":{"line":43,"column":43}},"type":"binary-expr","locations":[{"start":{"line":43,"column":10},"end":{"line":43,"column":31}},{"start":{"line":43,"column":35},"end":{"line":43,"column":43}}]},"6":{"loc":{"start":{"line":49,"column":0},"end":{"line":57,"column":1}},"type":"if","locations":[{"start":{"line":49,"column":0},"end":{"line":57,"column":1}},{"start":{},"end":{}}]},"7":{"loc":{"start":{"line":49,"column":4},"end":{"line":49,"column":73}},"type":"binary-expr","locations":[{"start":{"line":49,"column":4},"end":{"line":49,"column":25}},{"start":{"line":49,"column":29},"end":{"line":49,"column":73}}]}},"s":{"0":3,"1":3,"2":3,"3":0,"4":0,"5":0},"f":{},"b":{"0":[3,0],"1":[3,0],"2":[3,0],"3":[3,0],"4":[3,0],"5":[3,3],"6":[0,3],"7":[3,3]}}
,"E:\\code\\Fullstack\\Node.js\\Qdrant_MCP_RAG\\Qdrant_Insertor\\src\\db.ts": {"path":"E:\\code\\Fullstack\\Node.js\\Qdrant_MCP_RAG\\Qdrant_Insertor\\src\\db.ts","statementMap":{"0":{"start":{"line":129,"column":22},"end":{"line":129,"column":36}},"1":{"start":{"line":65,"column":11},"end":{"line":125,"column":4}},"2":{"start":{"line":130,"column":4},"end":{"line":130,"column":35}},"3":{"start":{"line":135,"column":4},"end":{"line":139,"column":7}},"4":{"start":{"line":142,"column":4},"end":{"line":149,"column":7}},"5":{"start":{"line":152,"column":4},"end":{"line":163,"column":7}},"6":{"start":{"line":164,"column":4},"end":{"line":166,"column":6}},"7":{"start":{"line":167,"column":4},"end":{"line":169,"column":6}},"8":{"start":{"line":170,"column":4},"end":{"line":172,"column":6}},"9":{"start":{"line":175,"column":4},"end":{"line":190,"column":7}},"10":{"start":{"line":191,"column":4},"end":{"line":193,"column":6}},"11":{"start":{"line":196,"column":4},"end":{"line":210,"column":7}},"12":{"start":{"line":211,"column":4},"end":{"line":213,"column":6}},"13":{"start":{"line":214,"column":4},"end":{"line":216,"column":6}},"14":{"start":{"line":217,"column":4},"end":{"line":219,"column":6}},"15":{"start":{"line":222,"column":4},"end":{"line":229,"column":7}},"16":{"start":{"line":232,"column":4},"end":{"line":232,"column":20}},"17":{"start":{"line":237,"column":25},"end":{"line":237,"column":43}},"18":{"start":{"line":238,"column":22},"end":{"line":238,"column":32}},"19":{"start":{"line":239,"column":17},"end":{"line":241,"column":37}},"20":{"start":{"line":242,"column":4},"end":{"line":244,"column":7}},"21":{"start":{"line":243,"column":6},"end":{"line":243,"column":67}},"22":{"start":{"line":245,"column":4},"end":{"line":245,"column":70}},"23":{"start":{"line":248,"column":17},"end":{"line":250,"column":4}},"24":{"start":{"line":251,"column":16},"end":{"line":251,"column":38}},"25":{"start":{"line":252,"column":4},"end":{"line":252,"column":51}},"26":{"start":{"line":256,"column":17},"end":{"line":258,"column":4}},"27":{"start":{"line":259,"column":16},"end":{"line":259,"column":30}},"28":{"start":{"line":260,"column":4},"end":{"line":260,"column":51}},"29":{"start":{"line":264,"column":17},"end":{"line":265,"column":null}},"30":{"start":{"line":267,"column":17},"end":{"line":267,"column":27}},"31":{"start":{"line":268,"column":4},"end":{"line":271,"column":5}},"32":{"start":{"line":269,"column":6},"end":{"line":269,"column":59}},"33":{"start":{"line":270,"column":6},"end":{"line":270,"column":16}},"34":{"start":{"line":272,"column":4},"end":{"line":275,"column":8}},"35":{"start":{"line":272,"column":30},"end":{"line":275,"column":6}},"36":{"start":{"line":278,"column":23},"end":{"line":278,"column":59}},"37":{"start":{"line":279,"column":4},"end":{"line":282,"column":5}},"38":{"start":{"line":280,"column":6},"end":{"line":280,"column":75}},"39":{"start":{"line":281,"column":6},"end":{"line":281,"column":13}},"40":{"start":{"line":284,"column":4},"end":{"line":299,"column":7}},"41":{"start":{"line":286,"column":31},"end":{"line":288,"column":49}},"42":{"start":{"line":290,"column":6},"end":{"line":292,"column":7}},"43":{"start":{"line":291,"column":8},"end":{"line":291,"column":38}},"44":{"start":{"line":295,"column":6},"end":{"line":295,"column":87}},"45":{"start":{"line":298,"column":6},"end":{"line":298,"column":90}},"46":{"start":{"line":300,"column":4},"end":{"line":300,"column":111}},"47":{"start":{"line":305,"column":22},"end":{"line":305,"column":37}},"48":{"start":{"line":306,"column":22},"end":{"line":306,"column":32}},"49":{"start":{"line":307,"column":22},"end":{"line":307,"column":31}},"50":{"start":{"line":308,"column":17},"end":{"line":310,"column":33}},"51":{"start":{"line":311,"column":4},"end":{"line":320,"column":7}},"52":{"start":{"line":312,"column":6},"end":{"line":319,"column":8}},"53":{"start":{"line":321,"column":4},"end":{"line":328,"column":6}},"54":{"start":{"line":331,"column":17},"end":{"line":333,"column":6}},"55":{"start":{"line":334,"column":16},"end":{"line":334,"column":35}},"56":{"start":{"line":335,"column":4},"end":{"line":335,"column":26}},"57":{"start":{"line":335,"column":14},"end":{"line":335,"column":26}},"58":{"start":{"line":336,"column":4},"end":{"line":344,"column":17}},"59":{"start":{"line":348,"column":17},"end":{"line":350,"column":6}},"60":{"start":{"line":351,"column":17},"end":{"line":351,"column":39}},"61":{"start":{"line":352,"column":4},"end":{"line":355,"column":21}},"62":{"start":{"line":352,"column":28},"end":{"line":355,"column":6}},"63":{"start":{"line":359,"column":17},"end":{"line":361,"column":6}},"64":{"start":{"line":362,"column":4},"end":{"line":364,"column":7}},"65":{"start":{"line":363,"column":6},"end":{"line":363,"column":46}},"66":{"start":{"line":367,"column":22},"end":{"line":369,"column":4}},"67":{"start":{"line":370,"column":20},"end":{"line":372,"column":4}},"68":{"start":{"line":374,"column":4},"end":{"line":377,"column":7}},"69":{"start":{"line":375,"column":6},"end":{"line":375,"column":34}},"70":{"start":{"line":376,"column":6},"end":{"line":376,"column":29}},"71":{"start":{"line":381,"column":17},"end":{"line":383,"column":6}},"72":{"start":{"line":384,"column":16},"end":{"line":384,"column":38}},"73":{"start":{"line":385,"column":4},"end":{"line":385,"column":58}},"74":{"start":{"line":386,"column":4},"end":{"line":386,"column":38}},"75":{"start":{"line":398,"column":18},"end":{"line":398,"column":29}},"76":{"start":{"line":399,"column":22},"end":{"line":399,"column":32}},"77":{"start":{"line":401,"column":16},"end":{"line":405,"column":26}},"78":{"start":{"line":406,"column":4},"end":{"line":409,"column":5}},"79":{"start":{"line":408,"column":6},"end":{"line":408,"column":24}},"80":{"start":{"line":410,"column":17},"end":{"line":416,"column":6}},"81":{"start":{"line":417,"column":4},"end":{"line":430,"column":7}},"82":{"start":{"line":418,"column":6},"end":{"line":429,"column":8}},"83":{"start":{"line":431,"column":4},"end":{"line":442,"column":6}},"84":{"start":{"line":445,"column":17},"end":{"line":447,"column":6}},"85":{"start":{"line":448,"column":16},"end":{"line":448,"column":31}},"86":{"start":{"line":449,"column":4},"end":{"line":452,"column":5}},"87":{"start":{"line":450,"column":6},"end":{"line":450,"column":56}},"88":{"start":{"line":451,"column":6},"end":{"line":451,"column":18}},"89":{"start":{"line":453,"column":4},"end":{"line":453,"column":37}},"90":{"start":{"line":456,"column":16},"end":{"line":460,"column":26}},"91":{"start":{"line":461,"column":4},"end":{"line":464,"column":5}},"92":{"start":{"line":462,"column":6},"end":{"line":462,"column":64}},"93":{"start":{"line":463,"column":6},"end":{"line":463,"column":18}},"94":{"start":{"line":465,"column":4},"end":{"line":465,"column":22}},"95":{"start":{"line":469,"column":17},"end":{"line":471,"column":6}},"96":{"start":{"line":472,"column":17},"end":{"line":472,"column":36}},"97":{"start":{"line":474,"column":4},"end":{"line":477,"column":5}},"98":{"start":{"line":475,"column":6},"end":{"line":475,"column":64}},"99":{"start":{"line":476,"column":6},"end":{"line":476,"column":16}},"100":{"start":{"line":478,"column":4},"end":{"line":478,"column":25}},"101":{"start":{"line":481,"column":17},"end":{"line":483,"column":6}},"102":{"start":{"line":484,"column":4},"end":{"line":491,"column":5}},"103":{"start":{"line":485,"column":6},"end":{"line":488,"column":9}},"104":{"start":{"line":486,"column":8},"end":{"line":486,"column":24}},"105":{"start":{"line":487,"column":8},"end":{"line":487,"column":38}},"106":{"start":{"line":490,"column":6},"end":{"line":490,"column":57}},"107":{"start":{"line":508,"column":17},"end":{"line":512,"column":6}},"108":{"start":{"line":513,"column":21},"end":{"line":517,"column":6}},"109":{"start":{"line":518,"column":22},"end":{"line":518,"column":50}},"110":{"start":{"line":519,"column":4},"end":{"line":550,"column":7}},"111":{"start":{"line":521,"column":6},"end":{"line":523,"column":7}},"112":{"start":{"line":522,"column":8},"end":{"line":522,"column":59}},"113":{"start":{"line":525,"column":6},"end":{"line":527,"column":7}},"114":{"start":{"line":526,"column":8},"end":{"line":526,"column":55}},"115":{"start":{"line":529,"column":6},"end":{"line":533,"column":7}},"116":{"start":{"line":529,"column":19},"end":{"line":529,"column":20}},"117":{"start":{"line":530,"column":8},"end":{"line":532,"column":9}},"118":{"start":{"line":531,"column":10},"end":{"line":531,"column":60}},"119":{"start":{"line":535,"column":6},"end":{"line":546,"column":7}},"120":{"start":{"line":536,"column":8},"end":{"line":545,"column":10}},"121":{"start":{"line":547,"column":6},"end":{"line":549,"column":7}},"122":{"start":{"line":548,"column":8},"end":{"line":548,"column":65}},"123":{"start":{"line":551,"column":4},"end":{"line":551,"column":43}},"124":{"start":{"line":555,"column":17},"end":{"line":557,"column":6}},"125":{"start":{"line":558,"column":16},"end":{"line":558,"column":33}},"126":{"start":{"line":559,"column":4},"end":{"line":568,"column":5}},"127":{"start":{"line":560,"column":24},"end":{"line":560,"column":45}},"128":{"start":{"line":561,"column":6},"end":{"line":566,"column":8}},"129":{"start":{"line":567,"column":6},"end":{"line":567,"column":18}},"130":{"start":{"line":569,"column":4},"end":{"line":569,"column":24}},"131":{"start":{"line":574,"column":4},"end":{"line":577,"column":5}},"132":{"start":{"line":575,"column":6},"end":{"line":575,"column":58}},"133":{"start":{"line":576,"column":6},"end":{"line":576,"column":16}},"134":{"start":{"line":579,"column":25},"end":{"line":579,"column":58}},"135":{"start":{"line":579,"column":44},"end":{"line":579,"column":47}},"136":{"start":{"line":580,"column":17},"end":{"line":582,"column":2}},"137":{"start":{"line":583,"column":17},"end":{"line":583,"column":38}},"138":{"start":{"line":585,"column":4},"end":{"line":588,"column":5}},"139":{"start":{"line":586,"column":6},"end":{"line":586,"column":53}},"140":{"start":{"line":587,"column":6},"end":{"line":587,"column":16}},"141":{"start":{"line":590,"column":4},"end":{"line":599,"column":6}},"142":{"start":{"line":592,"column":8},"end":{"line":595,"column":10}},"143":{"start":{"line":596,"column":8},"end":{"line":596,"column":19}},"144":{"start":{"line":602,"column":17},"end":{"line":604,"column":6}},"145":{"start":{"line":605,"column":17},"end":{"line":605,"column":36}},"146":{"start":{"line":606,"column":4},"end":{"line":612,"column":5}},"147":{"start":{"line":607,"column":6},"end":{"line":610,"column":8}},"148":{"start":{"line":611,"column":6},"end":{"line":611,"column":16}},"149":{"start":{"line":613,"column":4},"end":{"line":613,"column":27}},"150":{"start":{"line":616,"column":16},"end":{"line":618,"column":42}},"151":{"start":{"line":619,"column":4},"end":{"line":622,"column":5}},"152":{"start":{"line":620,"column":6},"end":{"line":620,"column":62}},"153":{"start":{"line":621,"column":6},"end":{"line":621,"column":13}},"154":{"start":{"line":623,"column":21},"end":{"line":623,"column":46}},"155":{"start":{"line":623,"column":36},"end":{"line":623,"column":45}},"156":{"start":{"line":624,"column":15},"end":{"line":624,"column":48}},"157":{"start":{"line":624,"column":34},"end":{"line":624,"column":37}},"158":{"start":{"line":626,"column":22},"end":{"line":627,"column":null}},"159":{"start":{"line":629,"column":20},"end":{"line":629,"column":75}},"160":{"start":{"line":631,"column":4},"end":{"line":634,"column":7}},"161":{"start":{"line":632,"column":6},"end":{"line":632,"column":33}},"162":{"start":{"line":633,"column":6},"end":{"line":633,"column":25}},"163":{"start":{"line":644,"column":18},"end":{"line":644,"column":36}},"164":{"start":{"line":647,"column":16},"end":{"line":666,"column":4}},"165":{"start":{"line":668,"column":17},"end":{"line":668,"column":37}},"166":{"start":{"line":669,"column":17},"end":{"line":669,"column":67}},"167":{"start":{"line":671,"column":4},"end":{"line":674,"column":5}},"168":{"start":{"line":672,"column":6},"end":{"line":672,"column":71}},"169":{"start":{"line":673,"column":6},"end":{"line":673,"column":16}},"170":{"start":{"line":676,"column":4},"end":{"line":679,"column":26}},"171":{"start":{"line":676,"column":28},"end":{"line":679,"column":6}},"172":{"start":{"line":687,"column":4},"end":{"line":689,"column":5}},"173":{"start":{"line":688,"column":6},"end":{"line":688,"column":16}},"174":{"start":{"line":691,"column":25},"end":{"line":691,"column":58}},"175":{"start":{"line":691,"column":44},"end":{"line":691,"column":47}},"176":{"start":{"line":692,"column":16},"end":{"line":710,"column":6}},"177":{"start":{"line":712,"column":17},"end":{"line":712,"column":37}},"178":{"start":{"line":713,"column":17},"end":{"line":713,"column":52}},"179":{"start":{"line":715,"column":4},"end":{"line":718,"column":26}},"180":{"start":{"line":715,"column":28},"end":{"line":718,"column":6}},"181":{"start":{"line":724,"column":4},"end":{"line":724,"column":48}},"182":{"start":{"line":728,"column":4},"end":{"line":734,"column":5}},"183":{"start":{"line":729,"column":6},"end":{"line":729,"column":29}},"184":{"start":{"line":732,"column":6},"end":{"line":732,"column":31}},"185":{"start":{"line":733,"column":6},"end":{"line":733,"column":14}},"186":{"start":{"line":738,"column":4},"end":{"line":742,"column":5}},"187":{"start":{"line":739,"column":6},"end":{"line":739,"column":31}},"188":{"start":{"line":746,"column":4},"end":{"line":746,"column":17}},"189":{"start":{"line":747,"column":4},"end":{"line":754,"column":5}},"190":{"start":{"line":748,"column":21},"end":{"line":748,"column":25}},"191":{"start":{"line":749,"column":6},"end":{"line":749,"column":20}},"192":{"start":{"line":750,"column":6},"end":{"line":750,"column":20}},"193":{"start":{"line":752,"column":6},"end":{"line":752,"column":22}},"194":{"start":{"line":753,"column":6},"end":{"line":753,"column":14}},"195":{"start":{"line":763,"column":24},"end":{"line":763,"column":107}},"196":{"start":{"line":764,"column":21},"end":{"line":764,"column":101}},"197":{"start":{"line":765,"column":17},"end":{"line":765,"column":114}},"198":{"start":{"line":766,"column":19},"end":{"line":766,"column":101}},"199":{"start":{"line":767,"column":4},"end":{"line":772,"column":6}},"200":{"start":{"line":776,"column":4},"end":{"line":782,"column":5}},"201":{"start":{"line":777,"column":6},"end":{"line":777,"column":40}},"202":{"start":{"line":778,"column":6},"end":{"line":778,"column":18}},"203":{"start":{"line":780,"column":6},"end":{"line":780,"column":48}},"204":{"start":{"line":781,"column":6},"end":{"line":781,"column":19}}},"fnMap":{"0":{"name":"(anonymous_0)","decl":{"start":{"line":129,"column":2},"end":{"line":129,"column":22}},"loc":{"start":{"line":129,"column":36},"end":{"line":131,"column":3}}},"1":{"name":"(anonymous_1)","decl":{"start":{"line":133,"column":9},"end":{"line":133,"column":13}},"loc":{"start":{"line":133,"column":13},"end":{"line":230,"column":3}}},"2":{"name":"(anonymous_2)","decl":{"start":{"line":231,"column":9},"end":{"line":231,"column":14}},"loc":{"start":{"line":231,"column":14},"end":{"line":233,"column":3}}},"3":{"name":"(anonymous_3)","decl":{"start":{"line":236,"column":2},"end":{"line":236,"column":18}},"loc":{"start":{"line":236,"column":53},"end":{"line":246,"column":3}}},"4":{"name":"(anonymous_4)","decl":{"start":{"line":242,"column":21},"end":{"line":242,"column":24}},"loc":{"start":{"line":242,"column":26},"end":{"line":244,"column":5}}},"5":{"name":"(anonymous_5)","decl":{"start":{"line":247,"column":2},"end":{"line":247,"column":19}},"loc":{"start":{"line":247,"column":40},"end":{"line":253,"column":3}}},"6":{"name":"(anonymous_6)","decl":{"start":{"line":255,"column":2},"end":{"line":255,"column":21}},"loc":{"start":{"line":255,"column":34},"end":{"line":261,"column":3}}},"7":{"name":"(anonymous_7)","decl":{"start":{"line":263,"column":2},"end":{"line":263,"column":17}},"loc":{"start":{"line":263,"column":17},"end":{"line":276,"column":3}}},"8":{"name":"(anonymous_8)","decl":{"start":{"line":272,"column":20},"end":{"line":272,"column":21}},"loc":{"start":{"line":272,"column":30},"end":{"line":275,"column":6}}},"9":{"name":"(anonymous_9)","decl":{"start":{"line":277,"column":2},"end":{"line":277,"column":18}},"loc":{"start":{"line":277,"column":39},"end":{"line":301,"column":3}}},"10":{"name":"(anonymous_10)","decl":{"start":{"line":284,"column":21},"end":{"line":284,"column":24}},"loc":{"start":{"line":284,"column":26},"end":{"line":299,"column":5}}},"11":{"name":"(anonymous_11)","decl":{"start":{"line":304,"column":2},"end":{"line":304,"column":15}},"loc":{"start":{"line":304,"column":52},"end":{"line":329,"column":3}}},"12":{"name":"(anonymous_12)","decl":{"start":{"line":311,"column":21},"end":{"line":311,"column":24}},"loc":{"start":{"line":311,"column":26},"end":{"line":320,"column":5}}},"13":{"name":"(anonymous_13)","decl":{"start":{"line":330,"column":2},"end":{"line":330,"column":12}},"loc":{"start":{"line":330,"column":30},"end":{"line":345,"column":3}}},"14":{"name":"(anonymous_14)","decl":{"start":{"line":347,"column":2},"end":{"line":347,"column":14}},"loc":{"start":{"line":347,"column":35},"end":{"line":356,"column":3}}},"15":{"name":"(anonymous_15)","decl":{"start":{"line":352,"column":20},"end":{"line":352,"column":23}},"loc":{"start":{"line":352,"column":28},"end":{"line":355,"column":6}}},"16":{"name":"(anonymous_16)","decl":{"start":{"line":358,"column":2},"end":{"line":358,"column":18}},"loc":{"start":{"line":358,"column":63},"end":{"line":365,"column":3}}},"17":{"name":"(anonymous_17)","decl":{"start":{"line":362,"column":21},"end":{"line":362,"column":24}},"loc":{"start":{"line":362,"column":26},"end":{"line":364,"column":5}}},"18":{"name":"(anonymous_18)","decl":{"start":{"line":366,"column":2},"end":{"line":366,"column":19}},"loc":{"start":{"line":366,"column":59},"end":{"line":378,"column":3}}},"19":{"name":"(anonymous_19)","decl":{"start":{"line":374,"column":21},"end":{"line":374,"column":24}},"loc":{"start":{"line":374,"column":26},"end":{"line":377,"column":5}}},"20":{"name":"(anonymous_20)","decl":{"start":{"line":380,"column":2},"end":{"line":380,"column":21}},"loc":{"start":{"line":380,"column":42},"end":{"line":387,"column":3}}},"21":{"name":"(anonymous_21)","decl":{"start":{"line":390,"column":2},"end":{"line":390,"column":11}},"loc":{"start":{"line":396,"column":17},"end":{"line":443,"column":3}}},"22":{"name":"(anonymous_22)","decl":{"start":{"line":417,"column":21},"end":{"line":417,"column":24}},"loc":{"start":{"line":417,"column":26},"end":{"line":430,"column":5}}},"23":{"name":"(anonymous_23)","decl":{"start":{"line":444,"column":2},"end":{"line":444,"column":12}},"loc":{"start":{"line":444,"column":26},"end":{"line":454,"column":3}}},"24":{"name":"(anonymous_24)","decl":{"start":{"line":455,"column":2},"end":{"line":455,"column":13}},"loc":{"start":{"line":455,"column":44},"end":{"line":466,"column":3}}},"25":{"name":"(anonymous_25)","decl":{"start":{"line":468,"column":2},"end":{"line":468,"column":10}},"loc":{"start":{"line":468,"column":28},"end":{"line":479,"column":3}}},"26":{"name":"(anonymous_26)","decl":{"start":{"line":480,"column":2},"end":{"line":480,"column":15}},"loc":{"start":{"line":480,"column":29},"end":{"line":492,"column":3}}},"27":{"name":"(anonymous_27)","decl":{"start":{"line":485,"column":23},"end":{"line":485,"column":26}},"loc":{"start":{"line":485,"column":28},"end":{"line":488,"column":7}}},"28":{"name":"(anonymous_28)","decl":{"start":{"line":495,"column":2},"end":{"line":495,"column":18}},"loc":{"start":{"line":507,"column":3},"end":{"line":552,"column":3}}},"29":{"name":"(anonymous_29)","decl":{"start":{"line":519,"column":21},"end":{"line":519,"column":24}},"loc":{"start":{"line":519,"column":26},"end":{"line":550,"column":5}}},"30":{"name":"(anonymous_30)","decl":{"start":{"line":554,"column":2},"end":{"line":554,"column":14}},"loc":{"start":{"line":554,"column":30},"end":{"line":570,"column":3}}},"31":{"name":"(anonymous_31)","decl":{"start":{"line":571,"column":2},"end":{"line":571,"column":15}},"loc":{"start":{"line":572,"column":22},"end":{"line":600,"column":3}}},"32":{"name":"(anonymous_32)","decl":{"start":{"line":579,"column":38},"end":{"line":579,"column":41}},"loc":{"start":{"line":579,"column":44},"end":{"line":579,"column":47}}},"33":{"name":"(anonymous_33)","decl":{"start":{"line":591,"column":6},"end":{"line":591,"column":7}},"loc":{"start":{"line":591,"column":19},"end":{"line":597,"column":7}}},"34":{"name":"(anonymous_34)","decl":{"start":{"line":601,"column":2},"end":{"line":601,"column":24}},"loc":{"start":{"line":601,"column":42},"end":{"line":614,"column":3}}},"35":{"name":"(anonymous_35)","decl":{"start":{"line":615,"column":2},"end":{"line":615,"column":19}},"loc":{"start":{"line":615,"column":33},"end":{"line":635,"column":3}}},"36":{"name":"(anonymous_36)","decl":{"start":{"line":623,"column":29},"end":{"line":623,"column":30}},"loc":{"start":{"line":623,"column":36},"end":{"line":623,"column":45}}},"37":{"name":"(anonymous_37)","decl":{"start":{"line":624,"column":28},"end":{"line":624,"column":31}},"loc":{"start":{"line":624,"column":34},"end":{"line":624,"column":37}}},"38":{"name":"(anonymous_38)","decl":{"start":{"line":631,"column":21},"end":{"line":631,"column":24}},"loc":{"start":{"line":631,"column":26},"end":{"line":634,"column":5}}},"39":{"name":"(anonymous_39)","decl":{"start":{"line":638,"column":2},"end":{"line":638,"column":15}},"loc":{"start":{"line":643,"column":3},"end":{"line":680,"column":3}}},"40":{"name":"(anonymous_40)","decl":{"start":{"line":676,"column":20},"end":{"line":676,"column":21}},"loc":{"start":{"line":676,"column":28},"end":{"line":679,"column":6}}},"41":{"name":"(anonymous_41)","decl":{"start":{"line":682,"column":2},"end":{"line":682,"column":21}},"loc":{"start":{"line":685,"column":31},"end":{"line":719,"column":3}}},"42":{"name":"(anonymous_42)","decl":{"start":{"line":691,"column":38},"end":{"line":691,"column":41}},"loc":{"start":{"line":691,"column":44},"end":{"line":691,"column":47}}},"43":{"name":"(anonymous_43)","decl":{"start":{"line":715,"column":20},"end":{"line":715,"column":23}},"loc":{"start":{"line":715,"column":28},"end":{"line":718,"column":6}}},"44":{"name":"(anonymous_44)","decl":{"start":{"line":722,"column":2},"end":{"line":722,"column":7}},"loc":{"start":{"line":722,"column":7},"end":{"line":725,"column":3}}},"45":{"name":"(anonymous_45)","decl":{"start":{"line":727,"column":2},"end":{"line":727,"column":8}},"loc":{"start":{"line":727,"column":8},"end":{"line":735,"column":3}}},"46":{"name":"(anonymous_46)","decl":{"start":{"line":737,"column":2},"end":{"line":737,"column":10}},"loc":{"start":{"line":737,"column":10},"end":{"line":743,"column":3}}},"47":{"name":"(anonymous_47)","decl":{"start":{"line":745,"column":2},"end":{"line":745,"column":13}},"loc":{"start":{"line":745,"column":28},"end":{"line":755,"column":3}}},"48":{"name":"(anonymous_48)","decl":{"start":{"line":757,"column":2},"end":{"line":757,"column":7}},"loc":{"start":{"line":757,"column":7},"end":{"line":773,"column":3}}},"49":{"name":"(anonymous_49)","decl":{"start":{"line":775,"column":2},"end":{"line":775,"column":6}},"loc":{"start":{"line":775,"column":6},"end":{"line":783,"column":3}}}},"branchMap":{"0":{"loc":{"start":{"line":243,"column":35},"end":{"line":243,"column":54}},"type":"binary-expr","locations":[{"start":{"line":243,"column":35},"end":{"line":243,"column":46}},{"start":{"line":243,"column":50},"end":{"line":243,"column":54}}]},"1":{"loc":{"start":{"line":252,"column":11},"end":{"line":252,"column":50}},"type":"cond-expr","locations":[{"start":{"line":252,"column":18},"end":{"line":252,"column":43}},{"start":{"line":252,"column":46},"end":{"line":252,"column":50}}]},"2":{"loc":{"start":{"line":260,"column":11},"end":{"line":260,"column":50}},"type":"cond-expr","locations":[{"start":{"line":260,"column":18},"end":{"line":260,"column":43}},{"start":{"line":260,"column":46},"end":{"line":260,"column":50}}]},"3":{"loc":{"start":{"line":268,"column":4},"end":{"line":271,"column":5}},"type":"if","locations":[{"start":{"line":268,"column":4},"end":{"line":271,"column":5}},{"start":{},"end":{}}]},"4":{"loc":{"start":{"line":279,"column":4},"end":{"line":282,"column":5}},"type":"if","locations":[{"start":{"line":279,"column":4},"end":{"line":282,"column":5}},{"start":{},"end":{}}]},"5":{"loc":{"start":{"line":315,"column":8},"end":{"line":315,"column":21}},"type":"binary-expr","locations":[{"start":{"line":315,"column":8},"end":{"line":315,"column":13}},{"start":{"line":315,"column":17},"end":{"line":315,"column":21}}]},"6":{"loc":{"start":{"line":335,"column":4},"end":{"line":335,"column":26}},"type":"if","locations":[{"start":{"line":335,"column":4},"end":{"line":335,"column":26}},{"start":{},"end":{}}]},"7":{"loc":{"start":{"line":339,"column":13},"end":{"line":339,"column":35}},"type":"binary-expr","locations":[{"start":{"line":339,"column":13},"end":{"line":339,"column":22}},{"start":{"line":339,"column":26},"end":{"line":339,"column":35}}]},"8":{"loc":{"start":{"line":386,"column":11},"end":{"line":386,"column":37}},"type":"cond-expr","locations":[{"start":{"line":386,"column":17},"end":{"line":386,"column":30}},{"start":{"line":386,"column":33},"end":{"line":386,"column":37}}]},"9":{"loc":{"start":{"line":406,"column":4},"end":{"line":409,"column":5}},"type":"if","locations":[{"start":{"line":406,"column":4},"end":{"line":409,"column":5}},{"start":{},"end":{}}]},"10":{"loc":{"start":{"line":422,"column":8},"end":{"line":422,"column":20}},"type":"binary-expr","locations":[{"start":{"line":422,"column":8},"end":{"line":422,"column":12}},{"start":{"line":422,"column":16},"end":{"line":422,"column":20}}]},"11":{"loc":{"start":{"line":423,"column":8},"end":{"line":423,"column":26}},"type":"binary-expr","locations":[{"start":{"line":423,"column":8},"end":{"line":423,"column":18}},{"start":{"line":423,"column":22},"end":{"line":423,"column":26}}]},"12":{"loc":{"start":{"line":424,"column":8},"end":{"line":424,"column":26}},"type":"binary-expr","locations":[{"start":{"line":424,"column":8},"end":{"line":424,"column":18}},{"start":{"line":424,"column":22},"end":{"line":424,"column":26}}]},"13":{"loc":{"start":{"line":425,"column":8},"end":{"line":425,"column":20}},"type":"binary-expr","locations":[{"start":{"line":425,"column":8},"end":{"line":425,"column":12}},{"start":{"line":425,"column":16},"end":{"line":425,"column":20}}]},"14":{"loc":{"start":{"line":449,"column":4},"end":{"line":452,"column":5}},"type":"if","locations":[{"start":{"line":449,"column":4},"end":{"line":452,"column":5}},{"start":{},"end":{}}]},"15":{"loc":{"start":{"line":453,"column":11},"end":{"line":453,"column":36}},"type":"cond-expr","locations":[{"start":{"line":453,"column":18},"end":{"line":453,"column":29}},{"start":{"line":453,"column":32},"end":{"line":453,"column":36}}]},"16":{"loc":{"start":{"line":461,"column":4},"end":{"line":464,"column":5}},"type":"if","locations":[{"start":{"line":461,"column":4},"end":{"line":464,"column":5}},{"start":{},"end":{}}]},"17":{"loc":{"start":{"line":474,"column":4},"end":{"line":477,"column":5}},"type":"if","locations":[{"start":{"line":474,"column":4},"end":{"line":477,"column":5}},{"start":{},"end":{}}]},"18":{"loc":{"start":{"line":484,"column":4},"end":{"line":491,"column":5}},"type":"if","locations":[{"start":{"line":484,"column":4},"end":{"line":491,"column":5}},{"start":{"line":489,"column":11},"end":{"line":491,"column":5}}]},"19":{"loc":{"start":{"line":518,"column":22},"end":{"line":518,"column":50}},"type":"binary-expr","locations":[{"start":{"line":518,"column":22},"end":{"line":518,"column":36}},{"start":{"line":518,"column":40},"end":{"line":518,"column":50}}]},"20":{"loc":{"start":{"line":521,"column":6},"end":{"line":523,"column":7}},"type":"if","locations":[{"start":{"line":521,"column":6},"end":{"line":523,"column":7}},{"start":{},"end":{}}]},"21":{"loc":{"start":{"line":525,"column":6},"end":{"line":527,"column":7}},"type":"if","locations":[{"start":{"line":525,"column":6},"end":{"line":527,"column":7}},{"start":{},"end":{}}]},"22":{"loc":{"start":{"line":525,"column":10},"end":{"line":525,"column":60}},"type":"binary-expr","locations":[{"start":{"line":525,"column":10},"end":{"line":525,"column":33}},{"start":{"line":525,"column":37},"end":{"line":525,"column":60}}]},"23":{"loc":{"start":{"line":530,"column":8},"end":{"line":532,"column":9}},"type":"if","locations":[{"start":{"line":530,"column":8},"end":{"line":532,"column":9}},{"start":{},"end":{}}]},"24":{"loc":{"start":{"line":542,"column":10},"end":{"line":542,"column":33}},"type":"binary-expr","locations":[{"start":{"line":542,"column":10},"end":{"line":542,"column":25}},{"start":{"line":542,"column":29},"end":{"line":542,"column":33}}]},"25":{"loc":{"start":{"line":543,"column":10},"end":{"line":543,"column":33}},"type":"binary-expr","locations":[{"start":{"line":543,"column":10},"end":{"line":543,"column":25}},{"start":{"line":543,"column":29},"end":{"line":543,"column":33}}]},"26":{"loc":{"start":{"line":548,"column":31},"end":{"line":548,"column":49}},"type":"binary-expr","locations":[{"start":{"line":548,"column":31},"end":{"line":548,"column":41}},{"start":{"line":548,"column":45},"end":{"line":548,"column":49}}]},"27":{"loc":{"start":{"line":559,"column":4},"end":{"line":568,"column":5}},"type":"if","locations":[{"start":{"line":559,"column":4},"end":{"line":568,"column":5}},{"start":{},"end":{}}]},"28":{"loc":{"start":{"line":574,"column":4},"end":{"line":577,"column":5}},"type":"if","locations":[{"start":{"line":574,"column":4},"end":{"line":577,"column":5}},{"start":{},"end":{}}]},"29":{"loc":{"start":{"line":585,"column":4},"end":{"line":588,"column":5}},"type":"if","locations":[{"start":{"line":585,"column":4},"end":{"line":588,"column":5}},{"start":{},"end":{}}]},"30":{"loc":{"start":{"line":594,"column":17},"end":{"line":594,"column":39}},"type":"binary-expr","locations":[{"start":{"line":594,"column":17},"end":{"line":594,"column":26}},{"start":{"line":594,"column":30},"end":{"line":594,"column":39}}]},"31":{"loc":{"start":{"line":606,"column":4},"end":{"line":612,"column":5}},"type":"if","locations":[{"start":{"line":606,"column":4},"end":{"line":612,"column":5}},{"start":{},"end":{}}]},"32":{"loc":{"start":{"line":619,"column":4},"end":{"line":622,"column":5}},"type":"if","locations":[{"start":{"line":619,"column":4},"end":{"line":622,"column":5}},{"start":{},"end":{}}]},"33":{"loc":{"start":{"line":644,"column":18},"end":{"line":644,"column":36}},"type":"binary-expr","locations":[{"start":{"line":644,"column":18},"end":{"line":644,"column":30}},{"start":{"line":644,"column":34},"end":{"line":644,"column":36}}]},"34":{"loc":{"start":{"line":663,"column":8},"end":{"line":663,"column":62}},"type":"cond-expr","locations":[{"start":{"line":663,"column":28},"end":{"line":663,"column":57}},{"start":{"line":663,"column":60},"end":{"line":663,"column":62}}]},"35":{"loc":{"start":{"line":671,"column":4},"end":{"line":674,"column":5}},"type":"if","locations":[{"start":{"line":671,"column":4},"end":{"line":674,"column":5}},{"start":{},"end":{}}]},"36":{"loc":{"start":{"line":685,"column":4},"end":{"line":685,"column":31}},"type":"default-arg","locations":[{"start":{"line":685,"column":26},"end":{"line":685,"column":31}}]},"37":{"loc":{"start":{"line":687,"column":4},"end":{"line":689,"column":5}},"type":"if","locations":[{"start":{"line":687,"column":4},"end":{"line":689,"column":5}},{"start":{},"end":{}}]},"38":{"loc":{"start":{"line":708,"column":10},"end":{"line":708,"column":50}},"type":"cond-expr","locations":[{"start":{"line":708,"column":23},"end":{"line":708,"column":45}},{"start":{"line":708,"column":48},"end":{"line":708,"column":50}}]}},"s":{"0":26,"1":26,"2":26,"3":26,"4":26,"5":26,"6":26,"7":26,"8":26,"9":26,"10":26,"11":26,"12":26,"13":26,"14":26,"15":26,"16":26,"17":28,"18":28,"19":28,"20":28,"21":26,"22":26,"23":2,"24":2,"25":2,"26":1,"27":1,"28":1,"29":3,"30":3,"31":3,"32":2,"33":2,"34":1,"35":1,"36":1,"37":1,"38":0,"39":0,"40":1,"41":1,"42":1,"43":1,"44":0,"45":0,"46":0,"47":29,"48":29,"49":29,"50":29,"51":29,"52":29,"53":29,"54":4,"55":4,"56":4,"57":0,"58":4,"59":1,"60":1,"61":1,"62":2,"63":1,"64":1,"65":1,"66":4,"67":4,"68":4,"69":4,"70":4,"71":4,"72":4,"73":4,"74":4,"75":31,"76":31,"77":31,"78":31,"79":0,"80":31,"81":31,"82":31,"83":31,"84":3,"85":3,"86":3,"87":0,"88":0,"89":3,"90":1,"91":1,"92":0,"93":0,"94":1,"95":1,"96":1,"97":1,"98":0,"99":0,"100":1,"101":2,"102":2,"103":2,"104":1,"105":1,"106":0,"107":12,"108":12,"109":12,"110":12,"111":12,"112":0,"113":12,"114":0,"115":12,"116":12,"117":17,"118":0,"119":12,"120":17,"121":12,"122":17,"123":12,"124":3,"125":3,"126":3,"127":1,"128":1,"129":1,"130":2,"131":1,"132":0,"133":0,"134":1,"135":2,"136":1,"137":1,"138":1,"139":0,"140":0,"141":1,"142":2,"143":2,"144":1,"145":1,"146":1,"147":0,"148":0,"149":1,"150":2,"151":2,"152":0,"153":0,"154":2,"155":2,"156":2,"157":2,"158":2,"159":2,"160":2,"161":1,"162":1,"163":2,"164":2,"165":2,"166":2,"167":2,"168":0,"169":0,"170":2,"171":2,"172":2,"173":1,"174":1,"175":2,"176":1,"177":1,"178":1,"179":1,"180":2,"181":112,"182":104,"183":104,"184":0,"185":0,"186":4,"187":4,"188":112,"189":108,"190":108,"191":104,"192":104,"193":4,"194":4,"195":1,"196":1,"197":1,"198":1,"199":1,"200":1,"201":1,"202":1,"203":0,"204":0},"f":{"0":26,"1":26,"2":26,"3":28,"4":26,"5":2,"6":1,"7":3,"8":1,"9":1,"10":1,"11":29,"12":29,"13":4,"14":1,"15":2,"16":1,"17":1,"18":4,"19":4,"20":4,"21":31,"22":31,"23":3,"24":1,"25":1,"26":2,"27":1,"28":12,"29":12,"30":3,"31":1,"32":2,"33":2,"34":1,"35":2,"36":2,"37":2,"38":1,"39":2,"40":2,"41":2,"42":2,"43":2,"44":112,"45":104,"46":4,"47":112,"48":1,"49":1},"b":{"0":[26,2],"1":[2,0],"2":[1,0],"3":[2,1],"4":[0,1],"5":[29,0],"6":[0,4],"7":[4,0],"8":[4,0],"9":[0,31],"10":[31,0],"11":[31,7],"12":[31,31],"13":[31,31],"14":[0,3],"15":[3,0],"16":[0,1],"17":[0,1],"18":[2,0],"19":[12,12],"20":[0,12],"21":[0,12],"22":[12,12],"23":[0,17],"24":[17,2],"25":[17,17],"26":[17,4],"27":[1,2],"28":[0,1],"29":[0,1],"30":[2,0],"31":[0,1],"32":[0,2],"33":[2,1],"34":[0,2],"35":[0,2],"36":[2],"37":[1,1],"38":[0,1]}}
,"E:\\code\\Fullstack\\Node.js\\Qdrant_MCP_RAG\\Qdrant_Insertor\\src\\embedding.ts": {"path":"E:\\code\\Fullstack\\Node.js\\Qdrant_MCP_RAG\\Qdrant_Insertor\\src\\embedding.ts","statementMap":{"0":{"start":{"line":7,"column":15},"end":{"line":7,"column":91}},"1":{"start":{"line":16,"column":2},"end":{"line":19,"column":3}},"2":{"start":{"line":17,"column":4},"end":{"line":17,"column":55}},"3":{"start":{"line":18,"column":4},"end":{"line":18,"column":16}},"4":{"start":{"line":20,"column":2},"end":{"line":28,"column":3}},"5":{"start":{"line":21,"column":21},"end":{"line":23,"column":58}},"6":{"start":{"line":24,"column":4},"end":{"line":24,"column":38}},"7":{"start":{"line":26,"column":4},"end":{"line":26,"column":54}},"8":{"start":{"line":27,"column":4},"end":{"line":27,"column":16}},"9":{"start":{"line":38,"column":76},"end":{"line":38,"column":78}},"10":{"start":{"line":39,"column":2},"end":{"line":49,"column":3}},"11":{"start":{"line":40,"column":19},"end":{"line":40,"column":55}},"12":{"start":{"line":41,"column":4},"end":{"line":46,"column":5}},"13":{"start":{"line":42,"column":6},"end":{"line":45,"column":9}},"14":{"start":{"line":50,"column":2},"end":{"line":50,"column":30}}},"fnMap":{"0":{"name":"createEmbedding","decl":{"start":{"line":15,"column":22},"end":{"line":15,"column":37}},"loc":{"start":{"line":15,"column":50},"end":{"line":29,"column":1}}},"1":{"name":"embedChunks","decl":{"start":{"line":37,"column":22},"end":{"line":37,"column":33}},"loc":{"start":{"line":37,"column":57},"end":{"line":51,"column":1}}}},"branchMap":{"0":{"loc":{"start":{"line":16,"column":2},"end":{"line":19,"column":3}},"type":"if","locations":[{"start":{"line":16,"column":2},"end":{"line":19,"column":3}},{"start":{},"end":{}}]},"1":{"loc":{"start":{"line":41,"column":4},"end":{"line":46,"column":5}},"type":"if","locations":[{"start":{"line":41,"column":4},"end":{"line":46,"column":5}},{"start":{},"end":{}}]}},"s":{"0":2,"1":1,"2":1,"3":1,"4":0,"5":0,"6":0,"7":0,"8":0,"9":1,"10":1,"11":0,"12":0,"13":0,"14":1},"f":{"0":1,"1":1},"b":{"0":[1,0],"1":[0,0]}}
,"E:\\code\\Fullstack\\Node.js\\Qdrant_MCP_RAG\\Qdrant_Insertor\\src\\qdrant.ts": {"path":"E:\\code\\Fullstack\\Node.js\\Qdrant_MCP_RAG\\Qdrant_Insertor\\src\\qdrant.ts","statementMap":{"0":{"start":{"line":10,"column":15},"end":{"line":13,"column":2}},"1":{"start":{"line":26,"column":2},"end":{"line":48,"column":3}},"2":{"start":{"line":27,"column":27},"end":{"line":27,"column":55}},"3":{"start":{"line":28,"column":24},"end":{"line":28,"column":53}},"4":{"start":{"line":29,"column":29},"end":{"line":30,"column":null}},"5":{"start":{"line":30,"column":22},"end":{"line":30,"column":56}},"6":{"start":{"line":33,"column":4},"end":{"line":44,"column":5}},"7":{"start":{"line":34,"column":6},"end":{"line":34,"column":80}},"8":{"start":{"line":35,"column":6},"end":{"line":40,"column":9}},"9":{"start":{"line":41,"column":6},"end":{"line":41,"column":74}},"10":{"start":{"line":43,"column":6},"end":{"line":43,"column":68}},"11":{"start":{"line":46,"column":4},"end":{"line":46,"column":62}},"12":{"start":{"line":47,"column":4},"end":{"line":47,"column":16}},"13":{"start":{"line":57,"column":2},"end":{"line":60,"column":3}},"14":{"start":{"line":58,"column":4},"end":{"line":58,"column":40}},"15":{"start":{"line":59,"column":4},"end":{"line":59,"column":11}},"16":{"start":{"line":64,"column":21},"end":{"line":64,"column":24}},"17":{"start":{"line":65,"column":2},"end":{"line":65,"column":101}},"18":{"start":{"line":67,"column":2},"end":{"line":91,"column":3}},"19":{"start":{"line":67,"column":15},"end":{"line":67,"column":16}},"20":{"start":{"line":68,"column":18},"end":{"line":68,"column":49}},"21":{"start":{"line":69,"column":34},"end":{"line":77,"column":7}},"22":{"start":{"line":69,"column":54},"end":{"line":77,"column":6}},"23":{"start":{"line":79,"column":4},"end":{"line":90,"column":5}},"24":{"start":{"line":80,"column":6},"end":{"line":80,"column":110}},"25":{"start":{"line":81,"column":6},"end":{"line":84,"column":9}},"26":{"start":{"line":85,"column":6},"end":{"line":85,"column":84}},"27":{"start":{"line":87,"column":6},"end":{"line":87,"column":87}},"28":{"start":{"line":92,"column":2},"end":{"line":92,"column":40}},"29":{"start":{"line":103,"column":2},"end":{"line":106,"column":3}},"30":{"start":{"line":104,"column":4},"end":{"line":104,"column":57}},"31":{"start":{"line":105,"column":4},"end":{"line":105,"column":14}},"32":{"start":{"line":108,"column":2},"end":{"line":119,"column":3}},"33":{"start":{"line":109,"column":4},"end":{"line":109,"column":79}},"34":{"start":{"line":110,"column":20},"end":{"line":114,"column":6}},"35":{"start":{"line":115,"column":4},"end":{"line":115,"column":19}},"36":{"start":{"line":117,"column":4},"end":{"line":117,"column":52}},"37":{"start":{"line":118,"column":4},"end":{"line":118,"column":14}}},"fnMap":{"0":{"name":"ensureCollection","decl":{"start":{"line":25,"column":22},"end":{"line":25,"column":38}},"loc":{"start":{"line":25,"column":38},"end":{"line":49,"column":1}}},"1":{"name":"(anonymous_1)","decl":{"start":{"line":30,"column":6},"end":{"line":30,"column":7}},"loc":{"start":{"line":30,"column":22},"end":{"line":30,"column":56}}},"2":{"name":"upsertChunks","decl":{"start":{"line":56,"column":22},"end":{"line":56,"column":34}},"loc":{"start":{"line":56,"column":60},"end":{"line":93,"column":1}}},"3":{"name":"(anonymous_3)","decl":{"start":{"line":69,"column":44},"end":{"line":69,"column":49}},"loc":{"start":{"line":69,"column":54},"end":{"line":77,"column":6}}},"4":{"name":"search","decl":{"start":{"line":102,"column":22},"end":{"line":102,"column":28}},"loc":{"start":{"line":102,"column":70},"end":{"line":120,"column":1}}}},"branchMap":{"0":{"loc":{"start":{"line":33,"column":4},"end":{"line":44,"column":5}},"type":"if","locations":[{"start":{"line":33,"column":4},"end":{"line":44,"column":5}},{"start":{"line":42,"column":11},"end":{"line":44,"column":5}}]},"1":{"loc":{"start":{"line":57,"column":2},"end":{"line":60,"column":3}},"type":"if","locations":[{"start":{"line":57,"column":2},"end":{"line":60,"column":3}},{"start":{},"end":{}}]},"2":{"loc":{"start":{"line":57,"column":6},"end":{"line":57,"column":36}},"type":"binary-expr","locations":[{"start":{"line":57,"column":6},"end":{"line":57,"column":13}},{"start":{"line":57,"column":17},"end":{"line":57,"column":36}}]},"3":{"loc":{"start":{"line":102,"column":52},"end":{"line":102,"column":70}},"type":"default-arg","locations":[{"start":{"line":102,"column":68},"end":{"line":102,"column":70}}]},"4":{"loc":{"start":{"line":103,"column":2},"end":{"line":106,"column":3}},"type":"if","locations":[{"start":{"line":103,"column":2},"end":{"line":106,"column":3}},{"start":{},"end":{}}]}},"s":{"0":2,"1":0,"2":0,"3":0,"4":0,"5":0,"6":0,"7":0,"8":0,"9":0,"10":0,"11":0,"12":0,"13":1,"14":1,"15":1,"16":0,"17":0,"18":0,"19":0,"20":0,"21":0,"22":0,"23":0,"24":0,"25":0,"26":0,"27":0,"28":0,"29":1,"30":1,"31":1,"32":0,"33":0,"34":0,"35":0,"36":0,"37":0},"f":{"0":0,"1":0,"2":1,"3":0,"4":1},"b":{"0":[0,0],"1":[1,0],"2":[1,1],"3":[1],"4":[1,0]}}
,"E:\\code\\Fullstack\\Node.js\\Qdrant_MCP_RAG\\Qdrant_Insertor\\src\\search.ts": {"path":"E:\\code\\Fullstack\\Node.js\\Qdrant_MCP_RAG\\Qdrant_Insertor\\src\\search.ts","statementMap":{"0":{"start":{"line":45,"column":93},"end":{"line":45,"column":95}},"1":{"start":{"line":47,"column":2},"end":{"line":57,"column":5}},"2":{"start":{"line":48,"column":4},"end":{"line":56,"column":7}},"3":{"start":{"line":49,"column":19},"end":{"line":49,"column":28}},"4":{"start":{"line":50,"column":23},"end":{"line":50,"column":37}},"5":{"start":{"line":52,"column":6},"end":{"line":54,"column":7}},"6":{"start":{"line":53,"column":8},"end":{"line":53,"column":67}},"7":{"start":{"line":55,"column":6},"end":{"line":55,"column":52}},"8":{"start":{"line":59,"column":2},"end":{"line":61,"column":30}},"9":{"start":{"line":60,"column":20},"end":{"line":60,"column":37}},"10":{"start":{"line":61,"column":17},"end":{"line":61,"column":28}},"11":{"start":{"line":73,"column":2},"end":{"line":77,"column":3}},"12":{"start":{"line":74,"column":4},"end":{"line":74,"column":52}},"13":{"start":{"line":75,"column":4},"end":{"line":75,"column":66}},"14":{"start":{"line":76,"column":4},"end":{"line":76,"column":11}},"15":{"start":{"line":78,"column":2},"end":{"line":81,"column":3}},"16":{"start":{"line":79,"column":4},"end":{"line":79,"column":53}},"17":{"start":{"line":80,"column":4},"end":{"line":80,"column":11}},"18":{"start":{"line":83,"column":2},"end":{"line":83,"column":123}},"19":{"start":{"line":86,"column":48},"end":{"line":91,"column":93}},"20":{"start":{"line":91,"column":17},"end":{"line":91,"column":91}},"21":{"start":{"line":94,"column":22},"end":{"line":94,"column":50}},"22":{"start":{"line":95,"column":47},"end":{"line":95,"column":49}},"23":{"start":{"line":96,"column":2},"end":{"line":123,"column":3}},"24":{"start":{"line":97,"column":51},"end":{"line":97,"column":89}},"25":{"start":{"line":100,"column":27},"end":{"line":100,"column":58}},"26":{"start":{"line":100,"column":53},"end":{"line":100,"column":57}},"27":{"start":{"line":101,"column":21},"end":{"line":101,"column":85}},"28":{"start":{"line":102,"column":24},"end":{"line":102,"column":78}},"29":{"start":{"line":102,"column":54},"end":{"line":102,"column":76}},"30":{"start":{"line":104,"column":4},"end":{"line":120,"column":9}},"31":{"start":{"line":105,"column":27},"end":{"line":105,"column":56}},"32":{"start":{"line":107,"column":24},"end":{"line":107,"column":54}},"33":{"start":{"line":108,"column":8},"end":{"line":119,"column":10}},"34":{"start":{"line":122,"column":4},"end":{"line":122,"column":94}},"35":{"start":{"line":126,"column":23},"end":{"line":126,"column":82}},"36":{"start":{"line":129,"column":2},"end":{"line":144,"column":3}},"37":{"start":{"line":130,"column":4},"end":{"line":130,"column":54}},"38":{"start":{"line":131,"column":4},"end":{"line":141,"column":7}},"39":{"start":{"line":132,"column":6},"end":{"line":132,"column":90}},"40":{"start":{"line":133,"column":6},"end":{"line":133,"column":42}},"41":{"start":{"line":134,"column":6},"end":{"line":134,"column":46}},"42":{"start":{"line":135,"column":6},"end":{"line":137,"column":7}},"43":{"start":{"line":136,"column":8},"end":{"line":136,"column":46}},"44":{"start":{"line":138,"column":6},"end":{"line":138,"column":30}},"45":{"start":{"line":139,"column":6},"end":{"line":139,"column":34}},"46":{"start":{"line":140,"column":6},"end":{"line":140,"column":42}},"47":{"start":{"line":143,"column":4},"end":{"line":143,"column":37}},"48":{"start":{"line":149,"column":14},"end":{"line":149,"column":29}},"49":{"start":{"line":150,"column":21},"end":{"line":150,"column":36}},"50":{"start":{"line":151,"column":17},"end":{"line":151,"column":32}},"51":{"start":{"line":152,"column":22},"end":{"line":152,"column":37}},"52":{"start":{"line":154,"column":20},"end":{"line":154,"column":65}},"53":{"start":{"line":155,"column":25},"end":{"line":155,"column":49}},"54":{"start":{"line":158,"column":0},"end":{"line":160,"column":3}},"55":{"start":{"line":159,"column":2},"end":{"line":159,"column":74}}},"fnMap":{"0":{"name":"reciprocalRankFusion","decl":{"start":{"line":44,"column":16},"end":{"line":44,"column":36}},"loc":{"start":{"line":44,"column":85},"end":{"line":62,"column":1}}},"1":{"name":"(anonymous_1)","decl":{"start":{"line":47,"column":18},"end":{"line":47,"column":28}},"loc":{"start":{"line":47,"column":31},"end":{"line":57,"column":3}}},"2":{"name":"(anonymous_2)","decl":{"start":{"line":48,"column":23},"end":{"line":48,"column":24}},"loc":{"start":{"line":48,"column":41},"end":{"line":56,"column":5}}},"3":{"name":"(anonymous_3)","decl":{"start":{"line":60,"column":10},"end":{"line":60,"column":11}},"loc":{"start":{"line":60,"column":20},"end":{"line":60,"column":37}}},"4":{"name":"(anonymous_4)","decl":{"start":{"line":61,"column":9},"end":{"line":61,"column":13}},"loc":{"start":{"line":61,"column":17},"end":{"line":61,"column":28}}},"5":{"name":"runSearch","decl":{"start":{"line":72,"column":22},"end":{"line":72,"column":31}},"loc":{"start":{"line":72,"column":116},"end":{"line":145,"column":1}}},"6":{"name":"(anonymous_6)","decl":{"start":{"line":91,"column":9},"end":{"line":91,"column":12}},"loc":{"start":{"line":91,"column":17},"end":{"line":91,"column":91}}},"7":{"name":"(anonymous_7)","decl":{"start":{"line":100,"column":48},"end":{"line":100,"column":49}},"loc":{"start":{"line":100,"column":53},"end":{"line":100,"column":57}}},"8":{"name":"(anonymous_8)","decl":{"start":{"line":102,"column":45},"end":{"line":102,"column":50}},"loc":{"start":{"line":102,"column":54},"end":{"line":102,"column":76}}},"9":{"name":"(anonymous_9)","decl":{"start":{"line":105,"column":14},"end":{"line":105,"column":23}},"loc":{"start":{"line":105,"column":27},"end":{"line":105,"column":56}}},"10":{"name":"(anonymous_10)","decl":{"start":{"line":106,"column":11},"end":{"line":106,"column":20}},"loc":{"start":{"line":106,"column":23},"end":{"line":120,"column":7}}},"11":{"name":"(anonymous_11)","decl":{"start":{"line":131,"column":41},"end":{"line":131,"column":42}},"loc":{"start":{"line":131,"column":59},"end":{"line":141,"column":5}}},"12":{"name":"(anonymous_12)","decl":{"start":{"line":158,"column":68},"end":{"line":158,"column":69}},"loc":{"start":{"line":158,"column":85},"end":{"line":160,"column":1}}}},"branchMap":{"0":{"loc":{"start":{"line":44,"column":71},"end":{"line":44,"column":85}},"type":"default-arg","locations":[{"start":{"line":44,"column":83},"end":{"line":44,"column":85}}]},"1":{"loc":{"start":{"line":52,"column":6},"end":{"line":54,"column":7}},"type":"if","locations":[{"start":{"line":52,"column":6},"end":{"line":54,"column":7}},{"start":{},"end":{}}]},"2":{"loc":{"start":{"line":72,"column":69},"end":{"line":72,"column":87}},"type":"default-arg","locations":[{"start":{"line":72,"column":85},"end":{"line":72,"column":87}}]},"3":{"loc":{"start":{"line":72,"column":89},"end":{"line":72,"column":116}},"type":"default-arg","locations":[{"start":{"line":72,"column":111},"end":{"line":72,"column":116}}]},"4":{"loc":{"start":{"line":73,"column":2},"end":{"line":77,"column":3}},"type":"if","locations":[{"start":{"line":73,"column":2},"end":{"line":77,"column":3}},{"start":{},"end":{}}]},"5":{"loc":{"start":{"line":78,"column":2},"end":{"line":81,"column":3}},"type":"if","locations":[{"start":{"line":78,"column":2},"end":{"line":81,"column":3}},{"start":{},"end":{}}]},"6":{"loc":{"start":{"line":91,"column":35},"end":{"line":91,"column":62}},"type":"binary-expr","locations":[{"start":{"line":91,"column":35},"end":{"line":91,"column":49}},{"start":{"line":91,"column":53},"end":{"line":91,"column":62}}]},"7":{"loc":{"start":{"line":96,"column":2},"end":{"line":123,"column":3}},"type":"if","locations":[{"start":{"line":96,"column":2},"end":{"line":123,"column":3}},{"start":{"line":121,"column":9},"end":{"line":123,"column":3}}]},"8":{"loc":{"start":{"line":111,"column":17},"end":{"line":111,"column":62}},"type":"binary-expr","locations":[{"start":{"line":111,"column":17},"end":{"line":111,"column":30}},{"start":{"line":111,"column":34},"end":{"line":111,"column":62}}]},"9":{"loc":{"start":{"line":129,"column":2},"end":{"line":144,"column":3}},"type":"if","locations":[{"start":{"line":129,"column":2},"end":{"line":144,"column":3}},{"start":{"line":142,"column":9},"end":{"line":144,"column":3}}]},"10":{"loc":{"start":{"line":135,"column":6},"end":{"line":137,"column":7}},"type":"if","locations":[{"start":{"line":135,"column":6},"end":{"line":137,"column":7}},{"start":{},"end":{}}]},"11":{"loc":{"start":{"line":154,"column":20},"end":{"line":154,"column":65}},"type":"cond-expr","locations":[{"start":{"line":154,"column":31},"end":{"line":154,"column":53}},{"start":{"line":154,"column":56},"end":{"line":154,"column":65}}]}},"s":{"0":4,"1":4,"2":7,"3":6,"4":6,"5":6,"6":5,"7":6,"8":4,"9":3,"10":5,"11":3,"12":2,"13":2,"14":2,"15":1,"16":1,"17":1,"18":0,"19":0,"20":0,"21":0,"22":0,"23":0,"24":0,"25":0,"26":0,"27":0,"28":0,"29":0,"30":0,"31":0,"32":0,"33":0,"34":0,"35":0,"36":0,"37":0,"38":0,"39":0,"40":0,"41":0,"42":0,"43":0,"44":0,"45":0,"46":0,"47":0,"48":1,"49":1,"50":1,"51":1,"52":1,"53":1,"54":1,"55":0},"f":{"0":4,"1":7,"2":6,"3":3,"4":5,"5":3,"6":0,"7":0,"8":0,"9":0,"10":0,"11":0,"12":0},"b":{"0":[3],"1":[5,1],"2":[3],"3":[2],"4":[2,1],"5":[1,0],"6":[0,0],"7":[0,0],"8":[0,0],"9":[0,0],"10":[0,0],"11":[0,1]}}
,"E:\\code\\Fullstack\\Node.js\\Qdrant_MCP_RAG\\Qdrant_Insertor\\src\\splitter.ts": {"path":"E:\\code\\Fullstack\\Node.js\\Qdrant_MCP_RAG\\Qdrant_Insertor\\src\\splitter.ts","statementMap":{"0":{"start":{"line":37,"column":34},"end":{"line":37,"column":36}},"1":{"start":{"line":38,"column":16},"end":{"line":38,"column":32}},"2":{"start":{"line":39,"column":57},"end":{"line":39,"column":59}},"3":{"start":{"line":40,"column":28},"end":{"line":40,"column":30}},"4":{"start":{"line":42,"column":19},"end":{"line":49,"column":3}},"5":{"start":{"line":43,"column":27},"end":{"line":43,"column":41}},"6":{"start":{"line":44,"column":4},"end":{"line":48,"column":5}},"7":{"start":{"line":46,"column":30},"end":{"line":46,"column":105}},"8":{"start":{"line":46,"column":91},"end":{"line":46,"column":103}},"9":{"start":{"line":47,"column":6},"end":{"line":47,"column":96}},"10":{"start":{"line":51,"column":2},"end":{"line":68,"column":3}},"11":{"start":{"line":52,"column":24},"end":{"line":52,"column":54}},"12":{"start":{"line":53,"column":4},"end":{"line":66,"column":5}},"13":{"start":{"line":55,"column":6},"end":{"line":55,"column":66}},"14":{"start":{"line":55,"column":56},"end":{"line":55,"column":63}},"15":{"start":{"line":56,"column":6},"end":{"line":56,"column":31}},"16":{"start":{"line":58,"column":20},"end":{"line":58,"column":41}},"17":{"start":{"line":59,"column":20},"end":{"line":59,"column":41}},"18":{"start":{"line":62,"column":6},"end":{"line":64,"column":7}},"19":{"start":{"line":63,"column":8},"end":{"line":63,"column":25}},"20":{"start":{"line":65,"column":6},"end":{"line":65,"column":40}},"21":{"start":{"line":67,"column":4},"end":{"line":67,"column":39}},"22":{"start":{"line":71,"column":2},"end":{"line":71,"column":62}},"23":{"start":{"line":71,"column":52},"end":{"line":71,"column":59}},"24":{"start":{"line":74,"column":2},"end":{"line":76,"column":3}},"25":{"start":{"line":75,"column":4},"end":{"line":75,"column":103}},"26":{"start":{"line":78,"column":2},"end":{"line":78,"column":16}},"27":{"start":{"line":95,"column":34},"end":{"line":95,"column":36}},"28":{"start":{"line":96,"column":21},"end":{"line":96,"column":48}},"29":{"start":{"line":98,"column":10},"end":{"line":98,"column":11}},"30":{"start":{"line":99,"column":2},"end":{"line":117,"column":3}},"31":{"start":{"line":100,"column":14},"end":{"line":100,"column":50}},"32":{"start":{"line":101,"column":23},"end":{"line":101,"column":45}},"33":{"start":{"line":103,"column":4},"end":{"line":105,"column":5}},"34":{"start":{"line":104,"column":6},"end":{"line":104,"column":58}},"35":{"start":{"line":106,"column":4},"end":{"line":106,"column":39}},"36":{"start":{"line":108,"column":4},"end":{"line":110,"column":5}},"37":{"start":{"line":109,"column":6},"end":{"line":109,"column":77}},"38":{"start":{"line":112,"column":4},"end":{"line":114,"column":5}},"39":{"start":{"line":113,"column":6},"end":{"line":113,"column":12}},"40":{"start":{"line":116,"column":4},"end":{"line":116,"column":34}},"41":{"start":{"line":121,"column":2},"end":{"line":126,"column":3}},"42":{"start":{"line":121,"column":15},"end":{"line":121,"column":32}},"43":{"start":{"line":122,"column":4},"end":{"line":125,"column":5}},"44":{"start":{"line":123,"column":6},"end":{"line":123,"column":55}},"45":{"start":{"line":124,"column":6},"end":{"line":124,"column":26}},"46":{"start":{"line":128,"column":2},"end":{"line":128,"column":16}},"47":{"start":{"line":143,"column":34},"end":{"line":143,"column":36}},"48":{"start":{"line":147,"column":20},"end":{"line":147,"column":79}},"49":{"start":{"line":147,"column":59},"end":{"line":147,"column":78}},"50":{"start":{"line":149,"column":2},"end":{"line":151,"column":3}},"51":{"start":{"line":150,"column":4},"end":{"line":150,"column":107}},"52":{"start":{"line":155,"column":2},"end":{"line":160,"column":3}},"53":{"start":{"line":155,"column":15},"end":{"line":155,"column":32}},"54":{"start":{"line":156,"column":4},"end":{"line":159,"column":5}},"55":{"start":{"line":157,"column":6},"end":{"line":157,"column":55}},"56":{"start":{"line":158,"column":6},"end":{"line":158,"column":26}},"57":{"start":{"line":162,"column":2},"end":{"line":162,"column":16}},"58":{"start":{"line":174,"column":2},"end":{"line":176,"column":3}},"59":{"start":{"line":175,"column":4},"end":{"line":175,"column":14}},"60":{"start":{"line":178,"column":72},"end":{"line":178,"column":79}},"61":{"start":{"line":180,"column":2},"end":{"line":190,"column":3}},"62":{"start":{"line":182,"column":6},"end":{"line":182,"column":69}},"63":{"start":{"line":184,"column":6},"end":{"line":184,"column":88}},"64":{"start":{"line":186,"column":6},"end":{"line":186,"column":62}},"65":{"start":{"line":188,"column":6},"end":{"line":188,"column":89}},"66":{"start":{"line":189,"column":6},"end":{"line":189,"column":69}},"67":{"start":{"line":200,"column":2},"end":{"line":200,"column":63}},"68":{"start":{"line":200,"column":34},"end":{"line":200,"column":61}}},"fnMap":{"0":{"name":"splitByMarkdownHeaders","decl":{"start":{"line":36,"column":16},"end":{"line":36,"column":38}},"loc":{"start":{"line":36,"column":71},"end":{"line":79,"column":1}}},"1":{"name":"(anonymous_1)","decl":{"start":{"line":42,"column":19},"end":{"line":42,"column":20}},"loc":{"start":{"line":42,"column":68},"end":{"line":49,"column":3}}},"2":{"name":"(anonymous_2)","decl":{"start":{"line":46,"column":86},"end":{"line":46,"column":87}},"loc":{"start":{"line":46,"column":91},"end":{"line":46,"column":103}}},"3":{"name":"(anonymous_3)","decl":{"start":{"line":55,"column":51},"end":{"line":55,"column":52}},"loc":{"start":{"line":55,"column":56},"end":{"line":55,"column":63}}},"4":{"name":"(anonymous_4)","decl":{"start":{"line":71,"column":47},"end":{"line":71,"column":48}},"loc":{"start":{"line":71,"column":52},"end":{"line":71,"column":59}}},"5":{"name":"splitByFixedSize","decl":{"start":{"line":94,"column":16},"end":{"line":94,"column":32}},"loc":{"start":{"line":94,"column":117},"end":{"line":129,"column":1}}},"6":{"name":"splitBySentence","decl":{"start":{"line":142,"column":16},"end":{"line":142,"column":31}},"loc":{"start":{"line":142,"column":64},"end":{"line":163,"column":1}}},"7":{"name":"(anonymous_7)","decl":{"start":{"line":147,"column":54},"end":{"line":147,"column":55}},"loc":{"start":{"line":147,"column":59},"end":{"line":147,"column":78}}},"8":{"name":"splitDocument","decl":{"start":{"line":173,"column":16},"end":{"line":173,"column":29}},"loc":{"start":{"line":173,"column":101},"end":{"line":191,"column":1}}},"9":{"name":"splitDocuments","decl":{"start":{"line":199,"column":16},"end":{"line":199,"column":30}},"loc":{"start":{"line":199,"column":105},"end":{"line":201,"column":1}}},"10":{"name":"(anonymous_10)","decl":{"start":{"line":200,"column":27},"end":{"line":200,"column":30}},"loc":{"start":{"line":200,"column":34},"end":{"line":200,"column":61}}}},"branchMap":{"0":{"loc":{"start":{"line":44,"column":4},"end":{"line":48,"column":5}},"type":"if","locations":[{"start":{"line":44,"column":4},"end":{"line":48,"column":5}},{"start":{},"end":{}}]},"1":{"loc":{"start":{"line":53,"column":4},"end":{"line":66,"column":5}},"type":"if","locations":[{"start":{"line":53,"column":4},"end":{"line":66,"column":5}},{"start":{},"end":{}}]},"2":{"loc":{"start":{"line":62,"column":13},"end":{"line":62,"column":86}},"type":"binary-expr","locations":[{"start":{"line":62,"column":13},"end":{"line":62,"column":34}},{"start":{"line":62,"column":38},"end":{"line":62,"column":86}}]},"3":{"loc":{"start":{"line":74,"column":2},"end":{"line":76,"column":3}},"type":"if","locations":[{"start":{"line":74,"column":2},"end":{"line":76,"column":3}},{"start":{},"end":{}}]},"4":{"loc":{"start":{"line":74,"column":6},"end":{"line":74,"column":40}},"type":"binary-expr","locations":[{"start":{"line":74,"column":6},"end":{"line":74,"column":25}},{"start":{"line":74,"column":29},"end":{"line":74,"column":40}}]},"5":{"loc":{"start":{"line":94,"column":67},"end":{"line":94,"column":90}},"type":"default-arg","locations":[{"start":{"line":94,"column":87},"end":{"line":94,"column":90}}]},"6":{"loc":{"start":{"line":94,"column":92},"end":{"line":94,"column":117}},"type":"default-arg","locations":[{"start":{"line":94,"column":115},"end":{"line":94,"column":117}}]},"7":{"loc":{"start":{"line":103,"column":4},"end":{"line":105,"column":5}},"type":"if","locations":[{"start":{"line":103,"column":4},"end":{"line":105,"column":5}},{"start":{},"end":{}}]},"8":{"loc":{"start":{"line":108,"column":4},"end":{"line":110,"column":5}},"type":"if","locations":[{"start":{"line":108,"column":4},"end":{"line":110,"column":5}},{"start":{},"end":{}}]},"9":{"loc":{"start":{"line":112,"column":4},"end":{"line":114,"column":5}},"type":"if","locations":[{"start":{"line":112,"column":4},"end":{"line":114,"column":5}},{"start":{},"end":{}}]},"10":{"loc":{"start":{"line":122,"column":4},"end":{"line":125,"column":5}},"type":"if","locations":[{"start":{"line":122,"column":4},"end":{"line":125,"column":5}},{"start":{},"end":{}}]},"11":{"loc":{"start":{"line":156,"column":4},"end":{"line":159,"column":5}},"type":"if","locations":[{"start":{"line":156,"column":4},"end":{"line":159,"column":5}},{"start":{},"end":{}}]},"12":{"loc":{"start":{"line":173,"column":75},"end":{"line":173,"column":101}},"type":"default-arg","locations":[{"start":{"line":173,"column":99},"end":{"line":173,"column":101}}]},"13":{"loc":{"start":{"line":174,"column":2},"end":{"line":176,"column":3}},"type":"if","locations":[{"start":{"line":174,"column":2},"end":{"line":176,"column":3}},{"start":{},"end":{}}]},"14":{"loc":{"start":{"line":174,"column":6},"end":{"line":174,"column":36}},"type":"binary-expr","locations":[{"start":{"line":174,"column":6},"end":{"line":174,"column":15}},{"start":{"line":174,"column":19},"end":{"line":174,"column":36}}]},"15":{"loc":{"start":{"line":178,"column":10},"end":{"line":178,"column":31}},"type":"default-arg","locations":[{"start":{"line":178,"column":21},"end":{"line":178,"column":31}}]},"16":{"loc":{"start":{"line":178,"column":33},"end":{"line":178,"column":48}},"type":"default-arg","locations":[{"start":{"line":178,"column":45},"end":{"line":178,"column":48}}]},"17":{"loc":{"start":{"line":178,"column":50},"end":{"line":178,"column":67}},"type":"default-arg","locations":[{"start":{"line":178,"column":65},"end":{"line":178,"column":67}}]},"18":{"loc":{"start":{"line":180,"column":2},"end":{"line":190,"column":3}},"type":"switch","locations":[{"start":{"line":181,"column":4},"end":{"line":182,"column":69}},{"start":{"line":183,"column":4},"end":{"line":184,"column":88}},{"start":{"line":185,"column":4},"end":{"line":186,"column":62}},{"start":{"line":187,"column":4},"end":{"line":189,"column":69}}]},"19":{"loc":{"start":{"line":199,"column":79},"end":{"line":199,"column":105}},"type":"default-arg","locations":[{"start":{"line":199,"column":103},"end":{"line":199,"column":105}}]}},"s":{"0":2,"1":2,"2":2,"3":2,"4":2,"5":5,"6":5,"7":3,"8":4,"9":3,"10":2,"11":9,"12":9,"13":3,"14":3,"15":3,"16":3,"17":3,"18":3,"19":2,"20":3,"21":9,"22":2,"23":1,"24":2,"25":0,"26":2,"27":3,"28":3,"29":3,"30":3,"31":9,"32":9,"33":9,"34":0,"35":9,"36":9,"37":9,"38":9,"39":2,"40":7,"41":3,"42":3,"43":7,"44":7,"45":7,"46":3,"47":3,"48":3,"49":10,"50":3,"51":7,"52":3,"53":3,"54":5,"55":5,"56":5,"57":3,"58":0,"59":0,"60":0,"61":0,"62":0,"63":0,"64":0,"65":0,"66":0,"67":0,"68":0},"f":{"0":2,"1":5,"2":4,"3":3,"4":1,"5":3,"6":3,"7":10,"8":0,"9":0,"10":0},"b":{"0":[3,2],"1":[3,6],"2":[5,3],"3":[0,2],"4":[2,1],"5":[0],"6":[0],"7":[0,9],"8":[9,0],"9":[2,7],"10":[7,0],"11":[5,0],"12":[0],"13":[0,0],"14":[0,0],"15":[0],"16":[0],"17":[0],"18":[0,0,0,0],"19":[0]}}
,"E:\\code\\Fullstack\\Node.js\\Qdrant_MCP_RAG\\Qdrant_Insertor\\utils\\id.ts": {"path":"E:\\code\\Fullstack\\Node.js\\Qdrant_MCP_RAG\\Qdrant_Insertor\\utils\\id.ts","statementMap":{"0":{"start":{"line":6,"column":4},"end":{"line":8,"column":28}},"1":{"start":{"line":9,"column":2},"end":{"line":9,"column":56}},"2":{"start":{"line":14,"column":2},"end":{"line":14,"column":22}},"3":{"start":{"line":19,"column":2},"end":{"line":19,"column":22}},"4":{"start":{"line":24,"column":2},"end":{"line":24,"column":22}},"5":{"start":{"line":29,"column":2},"end":{"line":31,"column":3}},"6":{"start":{"line":30,"column":4},"end":{"line":30,"column":75}},"7":{"start":{"line":32,"column":2},"end":{"line":34,"column":3}},"8":{"start":{"line":33,"column":4},"end":{"line":33,"column":71}},"9":{"start":{"line":35,"column":2},"end":{"line":35,"column":34}},"10":{"start":{"line":43,"column":14},"end":{"line":43,"column":38}},"11":{"start":{"line":44,"column":2},"end":{"line":44,"column":78}},"12":{"start":{"line":44,"column":16},"end":{"line":44,"column":78}},"13":{"start":{"line":45,"column":16},"end":{"line":45,"column":37}},"14":{"start":{"line":46,"column":17},"end":{"line":46,"column":39}},"15":{"start":{"line":47,"column":14},"end":{"line":47,"column":28}},"16":{"start":{"line":48,"column":2},"end":{"line":50,"column":3}},"17":{"start":{"line":49,"column":4},"end":{"line":49,"column":66}},"18":{"start":{"line":51,"column":2},"end":{"line":51,"column":36}},"19":{"start":{"line":56,"column":2},"end":{"line":58,"column":4}}},"fnMap":{"0":{"name":"hashContent","decl":{"start":{"line":4,"column":16},"end":{"line":4,"column":27}},"loc":{"start":{"line":4,"column":56},"end":{"line":10,"column":1}}},"1":{"name":"makeCollectionId","decl":{"start":{"line":13,"column":16},"end":{"line":13,"column":32}},"loc":{"start":{"line":13,"column":32},"end":{"line":15,"column":1}}},"2":{"name":"makeVersionId","decl":{"start":{"line":18,"column":16},"end":{"line":18,"column":29}},"loc":{"start":{"line":18,"column":29},"end":{"line":20,"column":1}}},"3":{"name":"makeDocId","decl":{"start":{"line":23,"column":16},"end":{"line":23,"column":25}},"loc":{"start":{"line":23,"column":25},"end":{"line":25,"column":1}}},"4":{"name":"makePointId","decl":{"start":{"line":28,"column":16},"end":{"line":28,"column":27}},"loc":{"start":{"line":28,"column":61},"end":{"line":36,"column":1}}},"5":{"name":"parsePointId","decl":{"start":{"line":39,"column":16},"end":{"line":39,"column":28}},"loc":{"start":{"line":39,"column":44},"end":{"line":52,"column":1}}},"6":{"name":"isUUID","decl":{"start":{"line":55,"column":9},"end":{"line":55,"column":15}},"loc":{"start":{"line":55,"column":25},"end":{"line":59,"column":1}}}},"branchMap":{"0":{"loc":{"start":{"line":6,"column":4},"end":{"line":8,"column":28}},"type":"cond-expr","locations":[{"start":{"line":7,"column":8},"end":{"line":7,"column":36}},{"start":{"line":8,"column":8},"end":{"line":8,"column":28}}]},"1":{"loc":{"start":{"line":29,"column":2},"end":{"line":31,"column":3}},"type":"if","locations":[{"start":{"line":29,"column":2},"end":{"line":31,"column":3}},{"start":{},"end":{}}]},"2":{"loc":{"start":{"line":32,"column":2},"end":{"line":34,"column":3}},"type":"if","locations":[{"start":{"line":32,"column":2},"end":{"line":34,"column":3}},{"start":{},"end":{}}]},"3":{"loc":{"start":{"line":32,"column":6},"end":{"line":32,"column":53}},"type":"binary-expr","locations":[{"start":{"line":32,"column":6},"end":{"line":32,"column":35}},{"start":{"line":32,"column":39},"end":{"line":32,"column":53}}]},"4":{"loc":{"start":{"line":44,"column":2},"end":{"line":44,"column":78}},"type":"if","locations":[{"start":{"line":44,"column":2},"end":{"line":44,"column":78}},{"start":{},"end":{}}]},"5":{"loc":{"start":{"line":48,"column":2},"end":{"line":50,"column":3}},"type":"if","locations":[{"start":{"line":48,"column":2},"end":{"line":50,"column":3}},{"start":{},"end":{}}]},"6":{"loc":{"start":{"line":48,"column":6},"end":{"line":48,"column":57}},"type":"binary-expr","locations":[{"start":{"line":48,"column":6},"end":{"line":48,"column":20}},{"start":{"line":48,"column":24},"end":{"line":48,"column":46}},{"start":{"line":48,"column":50},"end":{"line":48,"column":57}}]}},"s":{"0":0,"1":0,"2":28,"3":29,"4":31,"5":18,"6":1,"7":17,"8":0,"9":17,"10":1,"11":1,"12":0,"13":1,"14":1,"15":1,"16":1,"17":0,"18":1,"19":19},"f":{"0":0,"1":28,"2":29,"3":31,"4":18,"5":1,"6":19},"b":{"0":[0,0],"1":[1,17],"2":[0,17],"3":[17,17],"4":[0,1],"5":[0,1],"6":[1,1,1]}}
}
