TN:
SF:config.ts
FNF:0
FNH:0
DA:4,3
DA:30,3
DA:49,3
DA:50,0
DA:53,0
DA:56,0
LF:6
LH:3
BRDA:34,0,0,3
BRDA:34,0,1,0
BRDA:37,1,0,3
BRDA:37,1,1,0
BRDA:38,2,0,3
BRDA:38,2,1,0
BRDA:39,3,0,3
BRDA:39,3,1,0
BRDA:40,4,0,3
BRDA:40,4,1,0
BRDA:43,5,0,3
BRDA:43,5,1,3
BRDA:49,6,0,0
BRDA:49,6,1,3
BRDA:49,7,0,3
BRDA:49,7,1,3
BRF:16
BRH:10
end_of_record
TN:
SF:src\db.ts
FN:129,(anonymous_0)
FN:133,(anonymous_1)
FN:231,(anonymous_2)
FN:236,(anonymous_3)
FN:242,(anonymous_4)
FN:247,(anonymous_5)
FN:255,(anonymous_6)
FN:263,(anonymous_7)
FN:272,(anonymous_8)
FN:277,(anonymous_9)
FN:284,(anonymous_10)
FN:304,(anonymous_11)
FN:311,(anonymous_12)
FN:330,(anonymous_13)
FN:347,(anonymous_14)
FN:352,(anonymous_15)
FN:358,(anonymous_16)
FN:362,(anonymous_17)
FN:366,(anonymous_18)
FN:374,(anonymous_19)
FN:380,(anonymous_20)
FN:390,(anonymous_21)
FN:417,(anonymous_22)
FN:444,(anonymous_23)
FN:455,(anonymous_24)
FN:468,(anonymous_25)
FN:480,(anonymous_26)
FN:485,(anonymous_27)
FN:495,(anonymous_28)
FN:519,(anonymous_29)
FN:554,(anonymous_30)
FN:571,(anonymous_31)
FN:579,(anonymous_32)
FN:591,(anonymous_33)
FN:601,(anonymous_34)
FN:615,(anonymous_35)
FN:623,(anonymous_36)
FN:624,(anonymous_37)
FN:631,(anonymous_38)
FN:638,(anonymous_39)
FN:676,(anonymous_40)
FN:682,(anonymous_41)
FN:691,(anonymous_42)
FN:715,(anonymous_43)
FN:722,(anonymous_44)
FN:727,(anonymous_45)
FN:737,(anonymous_46)
FN:745,(anonymous_47)
FN:757,(anonymous_48)
FN:775,(anonymous_49)
FNF:50
FNH:50
FNDA:26,(anonymous_0)
FNDA:26,(anonymous_1)
FNDA:26,(anonymous_2)
FNDA:28,(anonymous_3)
FNDA:26,(anonymous_4)
FNDA:2,(anonymous_5)
FNDA:1,(anonymous_6)
FNDA:3,(anonymous_7)
FNDA:1,(anonymous_8)
FNDA:1,(anonymous_9)
FNDA:1,(anonymous_10)
FNDA:29,(anonymous_11)
FNDA:29,(anonymous_12)
FNDA:4,(anonymous_13)
FNDA:1,(anonymous_14)
FNDA:2,(anonymous_15)
FNDA:1,(anonymous_16)
FNDA:1,(anonymous_17)
FNDA:4,(anonymous_18)
FNDA:4,(anonymous_19)
FNDA:4,(anonymous_20)
FNDA:31,(anonymous_21)
FNDA:31,(anonymous_22)
FNDA:3,(anonymous_23)
FNDA:1,(anonymous_24)
FNDA:1,(anonymous_25)
FNDA:2,(anonymous_26)
FNDA:1,(anonymous_27)
FNDA:12,(anonymous_28)
FNDA:12,(anonymous_29)
FNDA:3,(anonymous_30)
FNDA:1,(anonymous_31)
FNDA:2,(anonymous_32)
FNDA:2,(anonymous_33)
FNDA:1,(anonymous_34)
FNDA:2,(anonymous_35)
FNDA:2,(anonymous_36)
FNDA:2,(anonymous_37)
FNDA:1,(anonymous_38)
FNDA:2,(anonymous_39)
FNDA:2,(anonymous_40)
FNDA:2,(anonymous_41)
FNDA:2,(anonymous_42)
FNDA:2,(anonymous_43)
FNDA:112,(anonymous_44)
FNDA:104,(anonymous_45)
FNDA:4,(anonymous_46)
FNDA:112,(anonymous_47)
FNDA:1,(anonymous_48)
FNDA:1,(anonymous_49)
DA:65,26
DA:129,26
DA:130,26
DA:135,26
DA:142,26
DA:152,26
DA:164,26
DA:167,26
DA:170,26
DA:175,26
DA:191,26
DA:196,26
DA:211,26
DA:214,26
DA:217,26
DA:222,26
DA:232,26
DA:237,28
DA:238,28
DA:239,28
DA:242,28
DA:243,26
DA:245,26
DA:248,2
DA:251,2
DA:252,2
DA:256,1
DA:259,1
DA:260,1
DA:264,3
DA:267,3
DA:268,3
DA:269,2
DA:270,2
DA:272,1
DA:278,1
DA:279,1
DA:280,0
DA:281,0
DA:284,1
DA:286,1
DA:290,1
DA:291,1
DA:295,0
DA:298,0
DA:300,0
DA:305,29
DA:306,29
DA:307,29
DA:308,29
DA:311,29
DA:312,29
DA:321,29
DA:331,4
DA:334,4
DA:335,4
DA:336,4
DA:348,1
DA:351,1
DA:352,2
DA:359,1
DA:362,1
DA:363,1
DA:367,4
DA:370,4
DA:374,4
DA:375,4
DA:376,4
DA:381,4
DA:384,4
DA:385,4
DA:386,4
DA:398,31
DA:399,31
DA:401,31
DA:406,31
DA:408,0
DA:410,31
DA:417,31
DA:418,31
DA:431,31
DA:445,3
DA:448,3
DA:449,3
DA:450,0
DA:451,0
DA:453,3
DA:456,1
DA:461,1
DA:462,0
DA:463,0
DA:465,1
DA:469,1
DA:472,1
DA:474,1
DA:475,0
DA:476,0
DA:478,1
DA:481,2
DA:484,2
DA:485,2
DA:486,1
DA:487,1
DA:490,0
DA:508,12
DA:513,12
DA:518,12
DA:519,12
DA:521,12
DA:522,0
DA:525,12
DA:526,0
DA:529,12
DA:530,17
DA:531,0
DA:535,12
DA:536,17
DA:547,12
DA:548,17
DA:551,12
DA:555,3
DA:558,3
DA:559,3
DA:560,1
DA:561,1
DA:567,1
DA:569,2
DA:574,1
DA:575,0
DA:576,0
DA:579,2
DA:580,1
DA:583,1
DA:585,1
DA:586,0
DA:587,0
DA:590,1
DA:592,2
DA:596,2
DA:602,1
DA:605,1
DA:606,1
DA:607,0
DA:611,0
DA:613,1
DA:616,2
DA:619,2
DA:620,0
DA:621,0
DA:623,2
DA:624,2
DA:626,2
DA:629,2
DA:631,2
DA:632,1
DA:633,1
DA:644,2
DA:647,2
DA:668,2
DA:669,2
DA:671,2
DA:672,0
DA:673,0
DA:676,2
DA:687,2
DA:688,1
DA:691,2
DA:692,1
DA:712,1
DA:713,1
DA:715,2
DA:724,112
DA:728,104
DA:729,104
DA:732,0
DA:733,0
DA:738,4
DA:739,4
DA:746,112
DA:747,108
DA:748,108
DA:749,104
DA:750,104
DA:752,4
DA:753,4
DA:763,1
DA:764,1
DA:765,1
DA:766,1
DA:767,1
DA:776,1
DA:777,1
DA:778,1
DA:780,0
DA:781,0
LF:195
LH:165
BRDA:243,0,0,26
BRDA:243,0,1,2
BRDA:252,1,0,2
BRDA:252,1,1,0
BRDA:260,2,0,1
BRDA:260,2,1,0
BRDA:268,3,0,2
BRDA:268,3,1,1
BRDA:279,4,0,0
BRDA:279,4,1,1
BRDA:315,5,0,29
BRDA:315,5,1,0
BRDA:335,6,0,0
BRDA:335,6,1,4
BRDA:339,7,0,4
BRDA:339,7,1,0
BRDA:386,8,0,4
BRDA:386,8,1,0
BRDA:406,9,0,0
BRDA:406,9,1,31
BRDA:422,10,0,31
BRDA:422,10,1,0
BRDA:423,11,0,31
BRDA:423,11,1,7
BRDA:424,12,0,31
BRDA:424,12,1,31
BRDA:425,13,0,31
BRDA:425,13,1,31
BRDA:449,14,0,0
BRDA:449,14,1,3
BRDA:453,15,0,3
BRDA:453,15,1,0
BRDA:461,16,0,0
BRDA:461,16,1,1
BRDA:474,17,0,0
BRDA:474,17,1,1
BRDA:484,18,0,2
BRDA:484,18,1,0
BRDA:518,19,0,12
BRDA:518,19,1,12
BRDA:521,20,0,0
BRDA:521,20,1,12
BRDA:525,21,0,0
BRDA:525,21,1,12
BRDA:525,22,0,12
BRDA:525,22,1,12
BRDA:530,23,0,0
BRDA:530,23,1,17
BRDA:542,24,0,17
BRDA:542,24,1,2
BRDA:543,25,0,17
BRDA:543,25,1,17
BRDA:548,26,0,17
BRDA:548,26,1,4
BRDA:559,27,0,1
BRDA:559,27,1,2
BRDA:574,28,0,0
BRDA:574,28,1,1
BRDA:585,29,0,0
BRDA:585,29,1,1
BRDA:594,30,0,2
BRDA:594,30,1,0
BRDA:606,31,0,0
BRDA:606,31,1,1
BRDA:619,32,0,0
BRDA:619,32,1,2
BRDA:644,33,0,2
BRDA:644,33,1,1
BRDA:663,34,0,0
BRDA:663,34,1,2
BRDA:671,35,0,0
BRDA:671,35,1,2
BRDA:685,36,0,2
BRDA:687,37,0,1
BRDA:687,37,1,1
BRDA:708,38,0,0
BRDA:708,38,1,1
BRF:77
BRH:52
end_of_record
TN:
SF:src\embedding.ts
FN:15,createEmbedding
FN:37,embedChunks
FNF:2
FNH:2
FNDA:1,createEmbedding
FNDA:1,embedChunks
DA:7,2
DA:16,1
DA:17,1
DA:18,1
DA:20,0
DA:21,0
DA:24,0
DA:26,0
DA:27,0
DA:38,1
DA:39,1
DA:40,0
DA:41,0
DA:42,0
DA:50,1
LF:15
LH:7
BRDA:16,0,0,1
BRDA:16,0,1,0
BRDA:41,1,0,0
BRDA:41,1,1,0
BRF:4
BRH:1
end_of_record
TN:
SF:src\qdrant.ts
FN:25,ensureCollection
FN:30,(anonymous_1)
FN:56,upsertChunks
FN:69,(anonymous_3)
FN:102,search
FNF:5
FNH:2
FNDA:0,ensureCollection
FNDA:0,(anonymous_1)
FNDA:1,upsertChunks
FNDA:0,(anonymous_3)
FNDA:1,search
DA:10,2
DA:26,0
DA:27,0
DA:28,0
DA:29,0
DA:30,0
DA:33,0
DA:34,0
DA:35,0
DA:41,0
DA:43,0
DA:46,0
DA:47,0
DA:57,1
DA:58,1
DA:59,1
DA:64,0
DA:65,0
DA:67,0
DA:68,0
DA:69,0
DA:79,0
DA:80,0
DA:81,0
DA:85,0
DA:87,0
DA:92,0
DA:103,1
DA:104,1
DA:105,1
DA:108,0
DA:109,0
DA:110,0
DA:115,0
DA:117,0
DA:118,0
LF:36
LH:7
BRDA:33,0,0,0
BRDA:33,0,1,0
BRDA:57,1,0,1
BRDA:57,1,1,0
BRDA:57,2,0,1
BRDA:57,2,1,1
BRDA:102,3,0,1
BRDA:103,4,0,1
BRDA:103,4,1,0
BRF:9
BRH:5
end_of_record
TN:
SF:src\search.ts
FN:44,reciprocalRankFusion
FN:47,(anonymous_1)
FN:48,(anonymous_2)
FN:60,(anonymous_3)
FN:61,(anonymous_4)
FN:72,runSearch
FN:91,(anonymous_6)
FN:100,(anonymous_7)
FN:102,(anonymous_8)
FN:105,(anonymous_9)
FN:106,(anonymous_10)
FN:131,(anonymous_11)
FN:158,(anonymous_12)
FNF:13
FNH:6
FNDA:4,reciprocalRankFusion
FNDA:7,(anonymous_1)
FNDA:6,(anonymous_2)
FNDA:3,(anonymous_3)
FNDA:5,(anonymous_4)
FNDA:3,runSearch
FNDA:0,(anonymous_6)
FNDA:0,(anonymous_7)
FNDA:0,(anonymous_8)
FNDA:0,(anonymous_9)
FNDA:0,(anonymous_10)
FNDA:0,(anonymous_11)
FNDA:0,(anonymous_12)
DA:45,4
DA:47,4
DA:48,7
DA:49,6
DA:50,6
DA:52,6
DA:53,5
DA:55,6
DA:59,4
DA:60,3
DA:61,5
DA:73,3
DA:74,2
DA:75,2
DA:76,2
DA:78,1
DA:79,1
DA:80,1
DA:83,0
DA:86,0
DA:91,0
DA:94,0
DA:95,0
DA:96,0
DA:97,0
DA:100,0
DA:101,0
DA:102,0
DA:104,0
DA:105,0
DA:107,0
DA:108,0
DA:122,0
DA:126,0
DA:129,0
DA:130,0
DA:131,0
DA:132,0
DA:133,0
DA:134,0
DA:135,0
DA:136,0
DA:138,0
DA:139,0
DA:140,0
DA:143,0
DA:149,1
DA:150,1
DA:151,1
DA:152,1
DA:154,1
DA:155,1
DA:158,1
DA:159,0
LF:54
LH:25
BRDA:44,0,0,3
BRDA:52,1,0,5
BRDA:52,1,1,1
BRDA:72,2,0,3
BRDA:72,3,0,2
BRDA:73,4,0,2
BRDA:73,4,1,1
BRDA:78,5,0,1
BRDA:78,5,1,0
BRDA:91,6,0,0
BRDA:91,6,1,0
BRDA:96,7,0,0
BRDA:96,7,1,0
BRDA:111,8,0,0
BRDA:111,8,1,0
BRDA:129,9,0,0
BRDA:129,9,1,0
BRDA:135,10,0,0
BRDA:135,10,1,0
BRDA:154,11,0,0
BRDA:154,11,1,1
BRF:21
BRH:9
end_of_record
TN:
SF:src\splitter.ts
FN:36,splitByMarkdownHeaders
FN:42,(anonymous_1)
FN:46,(anonymous_2)
FN:55,(anonymous_3)
FN:71,(anonymous_4)
FN:94,splitByFixedSize
FN:142,splitBySentence
FN:147,(anonymous_7)
FN:173,splitDocument
FN:199,splitDocuments
FN:200,(anonymous_10)
FNF:11
FNH:8
FNDA:2,splitByMarkdownHeaders
FNDA:5,(anonymous_1)
FNDA:4,(anonymous_2)
FNDA:3,(anonymous_3)
FNDA:1,(anonymous_4)
FNDA:3,splitByFixedSize
FNDA:3,splitBySentence
FNDA:10,(anonymous_7)
FNDA:0,splitDocument
FNDA:0,splitDocuments
FNDA:0,(anonymous_10)
DA:37,2
DA:38,2
DA:39,2
DA:40,2
DA:42,2
DA:43,5
DA:44,5
DA:46,4
DA:47,3
DA:51,2
DA:52,9
DA:53,9
DA:55,3
DA:56,3
DA:58,3
DA:59,3
DA:62,3
DA:63,2
DA:65,3
DA:67,9
DA:71,2
DA:74,2
DA:75,0
DA:78,2
DA:95,3
DA:96,3
DA:98,3
DA:99,3
DA:100,9
DA:101,9
DA:103,9
DA:104,0
DA:106,9
DA:108,9
DA:109,9
DA:112,9
DA:113,2
DA:116,7
DA:121,3
DA:122,7
DA:123,7
DA:124,7
DA:128,3
DA:143,3
DA:147,10
DA:149,3
DA:150,7
DA:155,3
DA:156,5
DA:157,5
DA:158,5
DA:162,3
DA:174,0
DA:175,0
DA:178,0
DA:180,0
DA:182,0
DA:184,0
DA:186,0
DA:188,0
DA:189,0
DA:200,0
LF:62
LH:50
BRDA:44,0,0,3
BRDA:44,0,1,2
BRDA:53,1,0,3
BRDA:53,1,1,6
BRDA:62,2,0,5
BRDA:62,2,1,3
BRDA:74,3,0,0
BRDA:74,3,1,2
BRDA:74,4,0,2
BRDA:74,4,1,1
BRDA:94,5,0,0
BRDA:94,6,0,0
BRDA:103,7,0,0
BRDA:103,7,1,9
BRDA:108,8,0,9
BRDA:108,8,1,0
BRDA:112,9,0,2
BRDA:112,9,1,7
BRDA:122,10,0,7
BRDA:122,10,1,0
BRDA:156,11,0,5
BRDA:156,11,1,0
BRDA:173,12,0,0
BRDA:174,13,0,0
BRDA:174,13,1,0
BRDA:174,14,0,0
BRDA:174,14,1,0
BRDA:178,15,0,0
BRDA:178,16,0,0
BRDA:178,17,0,0
BRDA:180,18,0,0
BRDA:180,18,1,0
BRDA:180,18,2,0
BRDA:180,18,3,0
BRDA:199,19,0,0
BRF:35
BRH:15
end_of_record
TN:
SF:utils\id.ts
FN:4,hashContent
FN:13,makeCollectionId
FN:18,makeVersionId
FN:23,makeDocId
FN:28,makePointId
FN:39,parsePointId
FN:55,isUUID
FNF:7
FNH:6
FNDA:0,hashContent
FNDA:28,makeCollectionId
FNDA:29,makeVersionId
FNDA:31,makeDocId
FNDA:18,makePointId
FNDA:1,parsePointId
FNDA:19,isUUID
DA:6,0
DA:9,0
DA:14,28
DA:19,29
DA:24,31
DA:29,18
DA:30,1
DA:32,17
DA:33,0
DA:35,17
DA:43,1
DA:44,1
DA:45,1
DA:46,1
DA:47,1
DA:48,1
DA:49,0
DA:51,1
DA:56,19
LF:19
LH:15
BRDA:6,0,0,0
BRDA:6,0,1,0
BRDA:29,1,0,1
BRDA:29,1,1,17
BRDA:32,2,0,0
BRDA:32,2,1,17
BRDA:32,3,0,17
BRDA:32,3,1,17
BRDA:44,4,0,0
BRDA:44,4,1,1
BRDA:48,5,0,0
BRDA:48,5,1,1
BRDA:48,6,0,1
BRDA:48,6,1,1
BRDA:48,6,2,1
BRF:15
BRH:10
end_of_record
